# JRE version: OpenJDK Runtime Environment (8.0_242-b01) (build 1.8.0_242-release-1644-b01)
# Java VM: OpenJDK 64-Bit Server VM (25.242-b01 mixed mode windows-amd64 compressed oops)
Heap:
 PSYoungGen      total 143360K, used 97628K [0x00000000d5d80000, 0x00000000e4180000, 0x0000000100000000)
  eden space 133120K, 73% used [0x00000000d5d80000,0x00000000dbcd7380,0x00000000ddf80000)
  from space 10240K, 0% used [0x00000000ddf80000,0x00000000ddf80000,0x00000000de980000)
  to   space 10240K, 0% used [0x00000000e3780000,0x00000000e3780000,0x00000000e4180000)
 ParOldGen       total 59392K, used 10124K [0x0000000081800000, 0x0000000085200000, 0x00000000d5d80000)
  object space 59392K, 17% used [0x0000000081800000,0x00000000821e31d0,0x0000000085200000)
 Metaspace       used 22655K, capacity 24619K, committed 24704K, reserved 1071104K
  class space    used 2507K, capacity 3140K, committed 3200K, reserved 1048576K
GC Heap History (10 events):
Event: 4.286 GC heap before
{Heap before GC invocations=6 (full 0):
 PSYoungGen      total 38400K, used 38369K [0x00000000d5d80000, 0x00000000db480000, 0x0000000100000000)
  eden space 33280K, 100% used [0x00000000d5d80000,0x00000000d7e00000,0x00000000d7e00000)
  from space 5120K, 99% used [0x00000000d7e00000,0x00000000d82f8678,0x00000000d8300000)
  to   space 11264K, 0% used [0x00000000da980000,0x00000000da980000,0x00000000db480000)
 ParOldGen       total 87552K, used 8044K [0x0000000081800000, 0x0000000086d80000, 0x00000000d5d80000)
  object space 87552K, 9% used [0x0000000081800000,0x0000000081fdb200,0x0000000086d80000)
 Metaspace       used 14839K, capacity 15217K, committed 15360K, reserved 1062912K
  class space    used 1631K, capacity 1739K, committed 1792K, reserved 1048576K
Event: 4.305 GC heap after
Heap after GC invocations=6 (full 0):
 PSYoungGen      total 76800K, used 6550K [0x00000000d5d80000, 0x00000000db380000, 0x0000000100000000)
  eden space 66560K, 0% used [0x00000000d5d80000,0x00000000d5d80000,0x00000000d9e80000)
  from space 10240K, 63% used [0x00000000da980000,0x00000000dafe5a30,0x00000000db380000)
  to   space 10752K, 0% used [0x00000000d9e80000,0x00000000d9e80000,0x00000000da900000)
 ParOldGen       total 87552K, used 8052K [0x0000000081800000, 0x0000000086d80000, 0x00000000d5d80000)
  object space 87552K, 9% used [0x0000000081800000,0x0000000081fdd200,0x0000000086d80000)
 Metaspace       used 14839K, capacity 15217K, committed 15360K, reserved 1062912K
  class space    used 1631K, capacity 1739K, committed 1792K, reserved 1048576K
}
Event: 5.008 GC heap before
{Heap before GC invocations=7 (full 0):
 PSYoungGen      total 76800K, used 73110K [0x00000000d5d80000, 0x00000000db380000, 0x0000000100000000)
  eden space 66560K, 100% used [0x00000000d5d80000,0x00000000d9e80000,0x00000000d9e80000)
  from space 10240K, 63% used [0x00000000da980000,0x00000000dafe5a30,0x00000000db380000)
  to   space 10752K, 0% used [0x00000000d9e80000,0x00000000d9e80000,0x00000000da900000)
 ParOldGen       total 87552K, used 8052K [0x0000000081800000, 0x0000000086d80000, 0x00000000d5d80000)
  object space 87552K, 9% used [0x0000000081800000,0x0000000081fdd200,0x0000000086d80000)
 Metaspace       used 17081K, capacity 17851K, committed 18048K, reserved 1064960K
  class space    used 1874K, capacity 2128K, committed 2176K, reserved 1048576K
Event: 5.024 GC heap after
Heap after GC invocations=7 (full 0):
 PSYoungGen      total 77312K, used 7009K [0x00000000d5d80000, 0x00000000df480000, 0x0000000100000000)
  eden space 66560K, 0% used [0x00000000d5d80000,0x00000000d5d80000,0x00000000d9e80000)
  from space 10752K, 65% used [0x00000000d9e80000,0x00000000da558430,0x00000000da900000)
  to   space 10752K, 0% used [0x00000000dea00000,0x00000000dea00000,0x00000000df480000)
 ParOldGen       total 87552K, used 9496K [0x0000000081800000, 0x0000000086d80000, 0x00000000d5d80000)
  object space 87552K, 10% used [0x0000000081800000,0x0000000082146340,0x0000000086d80000)
 Metaspace       used 17081K, capacity 17851K, committed 18048K, reserved 1064960K
  class space    used 1874K, capacity 2128K, committed 2176K, reserved 1048576K
}
Event: 5.372 GC heap before
{Heap before GC invocations=8 (full 0):
 PSYoungGen      total 77312K, used 73569K [0x00000000d5d80000, 0x00000000df480000, 0x0000000100000000)
  eden space 66560K, 100% used [0x00000000d5d80000,0x00000000d9e80000,0x00000000d9e80000)
  from space 10752K, 65% used [0x00000000d9e80000,0x00000000da558430,0x00000000da900000)
  to   space 10752K, 0% used [0x00000000dea00000,0x00000000dea00000,0x00000000df480000)
 ParOldGen       total 87552K, used 9496K [0x0000000081800000, 0x0000000086d80000, 0x00000000d5d80000)
  object space 87552K, 10% used [0x0000000081800000,0x0000000082146340,0x0000000086d80000)
 Metaspace       used 18313K, capacity 19067K, committed 19200K, reserved 1067008K
  class space    used 1930K, capacity 2192K, committed 2304K, reserved 1048576K
Event: 5.389 GC heap after
Heap after GC invocations=8 (full 0):
 PSYoungGen      total 142848K, used 5967K [0x00000000d5d80000, 0x00000000df380000, 0x0000000100000000)
  eden space 133120K, 0% used [0x00000000d5d80000,0x00000000d5d80000,0x00000000ddf80000)
  from space 9728K, 61% used [0x00000000dea00000,0x00000000defd3cb0,0x00000000df380000)
  to   space 10240K, 0% used [0x00000000ddf80000,0x00000000ddf80000,0x00000000de980000)
 ParOldGen       total 87552K, used 11314K [0x0000000081800000, 0x0000000086d80000, 0x00000000d5d80000)
  object space 87552K, 12% used [0x0000000081800000,0x000000008230c8d8,0x0000000086d80000)
 Metaspace       used 18313K, capacity 19067K, committed 19200K, reserved 1067008K
  class space    used 1930K, capacity 2192K, committed 2304K, reserved 1048576K
}
Event: 6.078 GC heap before
{Heap before GC invocations=9 (full 0):
 PSYoungGen      total 142848K, used 72490K [0x00000000d5d80000, 0x00000000df380000, 0x0000000100000000)
  eden space 133120K, 49% used [0x00000000d5d80000,0x00000000d9e76e20,0x00000000ddf80000)
  from space 9728K, 61% used [0x00000000dea00000,0x00000000defd3cb0,0x00000000df380000)
  to   space 10240K, 0% used [0x00000000ddf80000,0x00000000ddf80000,0x00000000de980000)
 ParOldGen       total 87552K, used 11314K [0x0000000081800000, 0x0000000086d80000, 0x00000000d5d80000)
  object space 87552K, 12% used [0x0000000081800000,0x000000008230c8d8,0x0000000086d80000)
 Metaspace       used 20108K, capacity 21109K, committed 21248K, reserved 1069056K
  class space    used 2133K, capacity 2465K, committed 2560K, reserved 1048576K
Event: 6.098 GC heap after
Heap after GC invocations=9 (full 0):
 PSYoungGen      total 143360K, used 3599K [0x00000000d5d80000, 0x00000000e4180000, 0x0000000100000000)
  eden space 133120K, 0% used [0x00000000d5d80000,0x00000000d5d80000,0x00000000ddf80000)
  from space 10240K, 35% used [0x00000000ddf80000,0x00000000de303f40,0x00000000de980000)
  to   space 10240K, 0% used [0x00000000e3780000,0x00000000e3780000,0x00000000e4180000)
 ParOldGen       total 87552K, used 14059K [0x0000000081800000, 0x0000000086d80000, 0x00000000d5d80000)
  object space 87552K, 16% used [0x0000000081800000,0x00000000825bac60,0x0000000086d80000)
 Metaspace       used 20108K, capacity 21109K, committed 21248K, reserved 1069056K
  class space    used 2133K, capacity 2465K, committed 2560K, reserved 1048576K
}
Event: 6.098 GC heap before
{Heap before GC invocations=10 (full 1):
 PSYoungGen      total 143360K, used 3599K [0x00000000d5d80000, 0x00000000e4180000, 0x0000000100000000)
  eden space 133120K, 0% used [0x00000000d5d80000,0x00000000d5d80000,0x00000000ddf80000)
  from space 10240K, 35% used [0x00000000ddf80000,0x00000000de303f40,0x00000000de980000)
  to   space 10240K, 0% used [0x00000000e3780000,0x00000000e3780000,0x00000000e4180000)
 ParOldGen       total 87552K, used 14059K [0x0000000081800000, 0x0000000086d80000, 0x00000000d5d80000)
  object space 87552K, 16% used [0x0000000081800000,0x00000000825bac60,0x0000000086d80000)
 Metaspace       used 20108K, capacity 21109K, committed 21248K, reserved 1069056K
  class space    used 2133K, capacity 2465K, committed 2560K, reserved 1048576K
Event: 6.197 GC heap after
Heap after GC invocations=10 (full 1):
 PSYoungGen      total 143360K, used 0K [0x00000000d5d80000, 0x00000000e4180000, 0x0000000100000000)
  eden space 133120K, 0% used [0x00000000d5d80000,0x00000000d5d80000,0x00000000ddf80000)
  from space 10240K, 0% used [0x00000000ddf80000,0x00000000ddf80000,0x00000000de980000)
  to   space 10240K, 0% used [0x00000000e3780000,0x00000000e3780000,0x00000000e4180000)
 ParOldGen       total 59392K, used 10124K [0x0000000081800000, 0x0000000085200000, 0x00000000d5d80000)
  object space 59392K, 17% used [0x0000000081800000,0x00000000821e31d0,0x0000000085200000)
 Metaspace       used 20108K, capacity 21109K, committed 21248K, reserved 1069056K
  class space    used 2133K, capacity 2465K, committed 2560K, reserved 1048576K
}

