# JRE version: OpenJDK Runtime Environment (8.0_242-b01) (build 1.8.0_242-release-1644-b01)
# Java VM: OpenJDK 64-Bit Server VM (25.242-b01 mixed mode windows-amd64 compressed oops)
Heap:
 PSYoungGen      total 316928K, used 144180K [0x00000000d5d80000, 0x00000000ef680000, 0x0000000100000000)
  eden space 304128K, 44% used [0x00000000d5d80000,0x00000000de04e030,0x00000000e8680000)
  from space 12800K, 79% used [0x00000000e8680000,0x00000000e907f110,0x00000000e9300000)
  to   space 13824K, 0% used [0x00000000ee900000,0x00000000ee900000,0x00000000ef680000)
 ParOldGen       total 164352K, used 53395K [0x0000000081800000, 0x000000008b880000, 0x00000000d5d80000)
  object space 164352K, 32% used [0x0000000081800000,0x0000000084c24c90,0x000000008b880000)
 Metaspace       used 49499K, capacity 55570K, committed 55896K, reserved 1097728K
  class space    used 5761K, capacity 7684K, committed 7808K, reserved 1048576K
GC Heap History (10 events):
Event: 9.423 GC heap before
{Heap before GC invocations=14 (full 2):
 PSYoungGen      total 217600K, used 211115K [0x00000000d5d80000, 0x00000000e6080000, 0x0000000100000000)
  eden space 206848K, 100% used [0x00000000d5d80000,0x00000000e2780000,0x00000000e2780000)
  from space 10752K, 39% used [0x00000000e2780000,0x00000000e2baac40,0x00000000e3200000)
  to   space 10752K, 0% used [0x00000000e5600000,0x00000000e5600000,0x00000000e6080000)
 ParOldGen       total 143872K, used 45744K [0x0000000081800000, 0x000000008a480000, 0x00000000d5d80000)
  object space 143872K, 31% used [0x0000000081800000,0x00000000844ac360,0x000000008a480000)
 Metaspace       used 32853K, capacity 36033K, committed 36224K, reserved 1081344K
  class space    used 3469K, capacity 4474K, committed 4480K, reserved 1048576K
Event: 9.439 GC heap after
Heap after GC invocations=14 (full 2):
 PSYoungGen      total 254976K, used 6081K [0x00000000d5d80000, 0x00000000e7180000, 0x0000000100000000)
  eden space 244224K, 0% used [0x00000000d5d80000,0x00000000d5d80000,0x00000000e4c00000)
  from space 10752K, 56% used [0x00000000e5600000,0x00000000e5bf0548,0x00000000e6080000)
  to   space 10240K, 0% used [0x00000000e4c00000,0x00000000e4c00000,0x00000000e5600000)
 ParOldGen       total 143872K, used 47647K [0x0000000081800000, 0x000000008a480000, 0x00000000d5d80000)
  object space 143872K, 33% used [0x0000000081800000,0x0000000084687e28,0x000000008a480000)
 Metaspace       used 32853K, capacity 36033K, committed 36224K, reserved 1081344K
  class space    used 3469K, capacity 4474K, committed 4480K, reserved 1048576K
}
Event: 11.200 GC heap before
{Heap before GC invocations=15 (full 2):
 PSYoungGen      total 254976K, used 250305K [0x00000000d5d80000, 0x00000000e7180000, 0x0000000100000000)
  eden space 244224K, 100% used [0x00000000d5d80000,0x00000000e4c00000,0x00000000e4c00000)
  from space 10752K, 56% used [0x00000000e5600000,0x00000000e5bf0548,0x00000000e6080000)
  to   space 10240K, 0% used [0x00000000e4c00000,0x00000000e4c00000,0x00000000e5600000)
 ParOldGen       total 143872K, used 47647K [0x0000000081800000, 0x000000008a480000, 0x00000000d5d80000)
  object space 143872K, 33% used [0x0000000081800000,0x0000000084687e28,0x000000008a480000)
 Metaspace       used 39628K, capacity 43937K, committed 44160K, reserved 1087488K
  class space    used 4346K, capacity 5739K, committed 5760K, reserved 1048576K
Event: 11.222 GC heap after
Heap after GC invocations=15 (full 2):
 PSYoungGen      total 254464K, used 10212K [0x00000000d5d80000, 0x00000000e9f00000, 0x0000000100000000)
  eden space 244224K, 0% used [0x00000000d5d80000,0x00000000d5d80000,0x00000000e4c00000)
  from space 10240K, 99% used [0x00000000e4c00000,0x00000000e55f9188,0x00000000e5600000)
  to   space 12288K, 0% used [0x00000000e9300000,0x00000000e9300000,0x00000000e9f00000)
 ParOldGen       total 143872K, used 49251K [0x0000000081800000, 0x000000008a480000, 0x00000000d5d80000)
  object space 143872K, 34% used [0x0000000081800000,0x0000000084818fa0,0x000000008a480000)
 Metaspace       used 39628K, capacity 43937K, committed 44160K, reserved 1087488K
  class space    used 4346K, capacity 5739K, committed 5760K, reserved 1048576K
}
Event: 11.321 GC heap before
{Heap before GC invocations=16 (full 2):
 PSYoungGen      total 254464K, used 31143K [0x00000000d5d80000, 0x00000000e9f00000, 0x0000000100000000)
  eden space 244224K, 8% used [0x00000000d5d80000,0x00000000d71f0ce0,0x00000000e4c00000)
  from space 10240K, 99% used [0x00000000e4c00000,0x00000000e55f9188,0x00000000e5600000)
  to   space 12288K, 0% used [0x00000000e9300000,0x00000000e9300000,0x00000000e9f00000)
 ParOldGen       total 143872K, used 49251K [0x0000000081800000, 0x000000008a480000, 0x00000000d5d80000)
  object space 143872K, 34% used [0x0000000081800000,0x0000000084818fa0,0x000000008a480000)
 Metaspace       used 40037K, capacity 44369K, committed 44376K, reserved 1087488K
  class space    used 4374K, capacity 5757K, committed 5760K, reserved 1048576K
Event: 11.336 GC heap after
Heap after GC invocations=16 (full 2):
 PSYoungGen      total 316416K, used 766K [0x00000000d5d80000, 0x00000000ebc00000, 0x0000000100000000)
  eden space 304128K, 0% used [0x00000000d5d80000,0x00000000d5d80000,0x00000000e8680000)
  from space 12288K, 6% used [0x00000000e9300000,0x00000000e93bfb30,0x00000000e9f00000)
  to   space 12800K, 0% used [0x00000000e8680000,0x00000000e8680000,0x00000000e9300000)
 ParOldGen       total 143872K, used 58108K [0x0000000081800000, 0x000000008a480000, 0x00000000d5d80000)
  object space 143872K, 40% used [0x0000000081800000,0x00000000850bf088,0x000000008a480000)
 Metaspace       used 40037K, capacity 44369K, committed 44376K, reserved 1087488K
  class space    used 4374K, capacity 5757K, committed 5760K, reserved 1048576K
}
Event: 11.337 GC heap before
{Heap before GC invocations=17 (full 3):
 PSYoungGen      total 316416K, used 766K [0x00000000d5d80000, 0x00000000ebc00000, 0x0000000100000000)
  eden space 304128K, 0% used [0x00000000d5d80000,0x00000000d5d80000,0x00000000e8680000)
  from space 12288K, 6% used [0x00000000e9300000,0x00000000e93bfb30,0x00000000e9f00000)
  to   space 12800K, 0% used [0x00000000e8680000,0x00000000e8680000,0x00000000e9300000)
 ParOldGen       total 143872K, used 58108K [0x0000000081800000, 0x000000008a480000, 0x00000000d5d80000)
  object space 143872K, 40% used [0x0000000081800000,0x00000000850bf088,0x000000008a480000)
 Metaspace       used 40037K, capacity 44369K, committed 44376K, reserved 1087488K
  class space    used 4374K, capacity 5757K, committed 5760K, reserved 1048576K
Event: 11.637 GC heap after
Heap after GC invocations=17 (full 3):
 PSYoungGen      total 316416K, used 0K [0x00000000d5d80000, 0x00000000ebc00000, 0x0000000100000000)
  eden space 304128K, 0% used [0x00000000d5d80000,0x00000000d5d80000,0x00000000e8680000)
  from space 12288K, 0% used [0x00000000e9300000,0x00000000e9300000,0x00000000e9f00000)
  to   space 12800K, 0% used [0x00000000e8680000,0x00000000e8680000,0x00000000e9300000)
 ParOldGen       total 164352K, used 53387K [0x0000000081800000, 0x000000008b880000, 0x00000000d5d80000)
  object space 164352K, 32% used [0x0000000081800000,0x0000000084c22c90,0x000000008b880000)
 Metaspace       used 40037K, capacity 44369K, committed 44376K, reserved 1087488K
  class space    used 4374K, capacity 5757K, committed 5760K, reserved 1048576K
}
Event: 13.617 GC heap before
{Heap before GC invocations=18 (full 3):
 PSYoungGen      total 316416K, used 304128K [0x00000000d5d80000, 0x00000000ebc00000, 0x0000000100000000)
  eden space 304128K, 100% used [0x00000000d5d80000,0x00000000e8680000,0x00000000e8680000)
  from space 12288K, 0% used [0x00000000e9300000,0x00000000e9300000,0x00000000e9f00000)
  to   space 12800K, 0% used [0x00000000e8680000,0x00000000e8680000,0x00000000e9300000)
 ParOldGen       total 164352K, used 53387K [0x0000000081800000, 0x000000008b880000, 0x00000000d5d80000)
  object space 164352K, 32% used [0x0000000081800000,0x0000000084c22c90,0x000000008b880000)
 Metaspace       used 47295K, capacity 53004K, committed 53080K, reserved 1095680K
  class space    used 5492K, capacity 7269K, committed 7296K, reserved 1048576K
Event: 13.638 GC heap after
Heap after GC invocations=18 (full 3):
 PSYoungGen      total 316928K, used 10236K [0x00000000d5d80000, 0x00000000ef680000, 0x0000000100000000)
  eden space 304128K, 0% used [0x00000000d5d80000,0x00000000d5d80000,0x00000000e8680000)
  from space 12800K, 79% used [0x00000000e8680000,0x00000000e907f110,0x00000000e9300000)
  to   space 13824K, 0% used [0x00000000ee900000,0x00000000ee900000,0x00000000ef680000)
 ParOldGen       total 164352K, used 53395K [0x0000000081800000, 0x000000008b880000, 0x00000000d5d80000)
  object space 164352K, 32% used [0x0000000081800000,0x0000000084c24c90,0x000000008b880000)
 Metaspace       used 47295K, capacity 53004K, committed 53080K, reserved 1095680K
  class space    used 5492K, capacity 7269K, committed 7296K, reserved 1048576K
}

