# JRE version: OpenJDK Runtime Environment (8.0_242-b01) (build 1.8.0_242-release-1644-b01)
# Java VM: OpenJDK 64-Bit Server VM (25.242-b01 mixed mode windows-amd64 compressed oops)
Heap:
 PSYoungGen      total 272896K, used 203673K [0x00000000d5d80000, 0x00000000e8800000, 0x0000000100000000)
  eden space 261120K, 74% used [0x00000000d5d80000,0x00000000e1b1c660,0x00000000e5c80000)
  from space 11776K, 80% used [0x00000000e5c80000,0x00000000e65c9e10,0x00000000e6800000)
  to   space 11776K, 0% used [0x00000000e6800000,0x00000000e6800000,0x00000000e7380000)
 ParOldGen       total 142848K, used 54057K [0x0000000081800000, 0x000000008a380000, 0x00000000d5d80000)
  object space 142848K, 37% used [0x0000000081800000,0x0000000084cca458,0x000000008a380000)
 Metaspace       used 50552K, capacity 56760K, committed 57088K, reserved 1097728K
  class space    used 5859K, capacity 7819K, committed 7936K, reserved 1048576K
GC Heap History (10 events):
Event: 16.449 GC heap before
{Heap before GC invocations=14 (full 2):
 PSYoungGen      total 208896K, used 201726K [0x00000000d5d80000, 0x00000000e4000000, 0x0000000100000000)
  eden space 197120K, 100% used [0x00000000d5d80000,0x00000000e1e00000,0x00000000e1e00000)
  from space 11776K, 39% used [0x00000000e2900000,0x00000000e2d7f9a8,0x00000000e3480000)
  to   space 6656K, 0% used [0x00000000e3980000,0x00000000e3980000,0x00000000e4000000)
 ParOldGen       total 142848K, used 45599K [0x0000000081800000, 0x000000008a380000, 0x00000000d5d80000)
  object space 142848K, 31% used [0x0000000081800000,0x0000000084487fd8,0x000000008a380000)
 Metaspace       used 32838K, capacity 35981K, committed 36224K, reserved 1081344K
  class space    used 3454K, capacity 4474K, committed 4480K, reserved 1048576K
Event: 16.457 GC heap after
Heap after GC invocations=14 (full 2):
 PSYoungGen      total 220160K, used 6652K [0x00000000d5d80000, 0x00000000e6280000, 0x0000000100000000)
  eden space 213504K, 0% used [0x00000000d5d80000,0x00000000d5d80000,0x00000000e2e00000)
  from space 6656K, 99% used [0x00000000e3980000,0x00000000e3fff2b8,0x00000000e4000000)
  to   space 11776K, 0% used [0x00000000e2e00000,0x00000000e2e00000,0x00000000e3980000)
 ParOldGen       total 142848K, used 46595K [0x0000000081800000, 0x000000008a380000, 0x00000000d5d80000)
  object space 142848K, 32% used [0x0000000081800000,0x0000000084580c10,0x000000008a380000)
 Metaspace       used 32838K, capacity 35981K, committed 36224K, reserved 1081344K
  class space    used 3454K, capacity 4474K, committed 4480K, reserved 1048576K
}
Event: 18.197 GC heap before
{Heap before GC invocations=15 (full 2):
 PSYoungGen      total 220160K, used 220156K [0x00000000d5d80000, 0x00000000e6280000, 0x0000000100000000)
  eden space 213504K, 100% used [0x00000000d5d80000,0x00000000e2e00000,0x00000000e2e00000)
  from space 6656K, 99% used [0x00000000e3980000,0x00000000e3fff2b8,0x00000000e4000000)
  to   space 11776K, 0% used [0x00000000e2e00000,0x00000000e2e00000,0x00000000e3980000)
 ParOldGen       total 142848K, used 46595K [0x0000000081800000, 0x000000008a380000, 0x00000000d5d80000)
  object space 142848K, 32% used [0x0000000081800000,0x0000000084580c10,0x000000008a380000)
 Metaspace       used 38759K, capacity 43139K, committed 43392K, reserved 1087488K
  class space    used 4238K, capacity 5659K, committed 5760K, reserved 1048576K
Event: 18.212 GC heap after
Heap after GC invocations=15 (full 2):
 PSYoungGen      total 225280K, used 8047K [0x00000000d5d80000, 0x00000000e7380000, 0x0000000100000000)
  eden space 213504K, 0% used [0x00000000d5d80000,0x00000000d5d80000,0x00000000e2e00000)
  from space 11776K, 68% used [0x00000000e2e00000,0x00000000e35dbc40,0x00000000e3980000)
  to   space 11776K, 0% used [0x00000000e6800000,0x00000000e6800000,0x00000000e7380000)
 ParOldGen       total 142848K, used 51399K [0x0000000081800000, 0x000000008a380000, 0x00000000d5d80000)
  object space 142848K, 35% used [0x0000000081800000,0x0000000084a31e30,0x000000008a380000)
 Metaspace       used 38759K, capacity 43139K, committed 43392K, reserved 1087488K
  class space    used 4238K, capacity 5659K, committed 5760K, reserved 1048576K
}
Event: 18.516 GC heap before
{Heap before GC invocations=16 (full 2):
 PSYoungGen      total 225280K, used 60116K [0x00000000d5d80000, 0x00000000e7380000, 0x0000000100000000)
  eden space 213504K, 24% used [0x00000000d5d80000,0x00000000d90596c8,0x00000000e2e00000)
  from space 11776K, 68% used [0x00000000e2e00000,0x00000000e35dbc40,0x00000000e3980000)
  to   space 11776K, 0% used [0x00000000e6800000,0x00000000e6800000,0x00000000e7380000)
 ParOldGen       total 142848K, used 51399K [0x0000000081800000, 0x000000008a380000, 0x00000000d5d80000)
  object space 142848K, 35% used [0x0000000081800000,0x0000000084a31e30,0x000000008a380000)
 Metaspace       used 40225K, capacity 44745K, committed 44800K, reserved 1087488K
  class space    used 4391K, capacity 5851K, committed 5888K, reserved 1048576K
Event: 18.537 GC heap after
Heap after GC invocations=16 (full 2):
 PSYoungGen      total 272896K, used 7295K [0x00000000d5d80000, 0x00000000e8800000, 0x0000000100000000)
  eden space 261120K, 0% used [0x00000000d5d80000,0x00000000d5d80000,0x00000000e5c80000)
  from space 11776K, 61% used [0x00000000e6800000,0x00000000e6f1fec0,0x00000000e7380000)
  to   space 11776K, 0% used [0x00000000e5c80000,0x00000000e5c80000,0x00000000e6800000)
 ParOldGen       total 142848K, used 51399K [0x0000000081800000, 0x000000008a380000, 0x00000000d5d80000)
  object space 142848K, 35% used [0x0000000081800000,0x0000000084a31e30,0x000000008a380000)
 Metaspace       used 40225K, capacity 44745K, committed 44800K, reserved 1087488K
  class space    used 4391K, capacity 5851K, committed 5888K, reserved 1048576K
}
Event: 18.537 GC heap before
{Heap before GC invocations=17 (full 3):
 PSYoungGen      total 272896K, used 7295K [0x00000000d5d80000, 0x00000000e8800000, 0x0000000100000000)
  eden space 261120K, 0% used [0x00000000d5d80000,0x00000000d5d80000,0x00000000e5c80000)
  from space 11776K, 61% used [0x00000000e6800000,0x00000000e6f1fec0,0x00000000e7380000)
  to   space 11776K, 0% used [0x00000000e5c80000,0x00000000e5c80000,0x00000000e6800000)
 ParOldGen       total 142848K, used 51399K [0x0000000081800000, 0x000000008a380000, 0x00000000d5d80000)
  object space 142848K, 35% used [0x0000000081800000,0x0000000084a31e30,0x000000008a380000)
 Metaspace       used 40225K, capacity 44745K, committed 44800K, reserved 1087488K
  class space    used 4391K, capacity 5851K, committed 5888K, reserved 1048576K
Event: 18.792 GC heap after
Heap after GC invocations=17 (full 3):
 PSYoungGen      total 272896K, used 0K [0x00000000d5d80000, 0x00000000e8800000, 0x0000000100000000)
  eden space 261120K, 0% used [0x00000000d5d80000,0x00000000d5d80000,0x00000000e5c80000)
  from space 11776K, 0% used [0x00000000e6800000,0x00000000e6800000,0x00000000e7380000)
  to   space 11776K, 0% used [0x00000000e5c80000,0x00000000e5c80000,0x00000000e6800000)
 ParOldGen       total 142848K, used 54049K [0x0000000081800000, 0x000000008a380000, 0x00000000d5d80000)
  object space 142848K, 37% used [0x0000000081800000,0x0000000084cc8458,0x000000008a380000)
 Metaspace       used 40225K, capacity 44745K, committed 44800K, reserved 1087488K
  class space    used 4391K, capacity 5851K, committed 5888K, reserved 1048576K
}
Event: 21.129 GC heap before
{Heap before GC invocations=18 (full 3):
 PSYoungGen      total 272896K, used 261120K [0x00000000d5d80000, 0x00000000e8800000, 0x0000000100000000)
  eden space 261120K, 100% used [0x00000000d5d80000,0x00000000e5c80000,0x00000000e5c80000)
  from space 11776K, 0% used [0x00000000e6800000,0x00000000e6800000,0x00000000e7380000)
  to   space 11776K, 0% used [0x00000000e5c80000,0x00000000e5c80000,0x00000000e6800000)
 ParOldGen       total 142848K, used 54049K [0x0000000081800000, 0x000000008a380000, 0x00000000d5d80000)
  object space 142848K, 37% used [0x0000000081800000,0x0000000084cc8458,0x000000008a380000)
 Metaspace       used 46964K, capacity 52664K, committed 52864K, reserved 1095680K
  class space    used 5466K, capacity 7267K, committed 7296K, reserved 1048576K
Event: 21.145 GC heap after
Heap after GC invocations=18 (full 3):
 PSYoungGen      total 272896K, used 9511K [0x00000000d5d80000, 0x00000000e8800000, 0x0000000100000000)
  eden space 261120K, 0% used [0x00000000d5d80000,0x00000000d5d80000,0x00000000e5c80000)
  from space 11776K, 80% used [0x00000000e5c80000,0x00000000e65c9e10,0x00000000e6800000)
  to   space 11776K, 0% used [0x00000000e6800000,0x00000000e6800000,0x00000000e7380000)
 ParOldGen       total 142848K, used 54057K [0x0000000081800000, 0x000000008a380000, 0x00000000d5d80000)
  object space 142848K, 37% used [0x0000000081800000,0x0000000084cca458,0x000000008a380000)
 Metaspace       used 46964K, capacity 52664K, committed 52864K, reserved 1095680K
  class space    used 5466K, capacity 7267K, committed 7296K, reserved 1048576K
}

