# JRE version: OpenJDK Runtime Environment (8.0_242-b01) (build 1.8.0_242-release-1644-b01)
# Java VM: OpenJDK 64-Bit Server VM (25.242-b01 mixed mode windows-amd64 compressed oops)
Heap:
 PSYoungGen      total 300544K, used 205184K [0x00000000d5d80000, 0x00000000ee780000, 0x0000000100000000)
  eden space 287744K, 67% used [0x00000000d5d80000,0x00000000e1c4bfb8,0x00000000e7680000)
  from space 12800K, 76% used [0x00000000e7680000,0x00000000e80141e0,0x00000000e8300000)
  to   space 13312K, 0% used [0x00000000eda80000,0x00000000eda80000,0x00000000ee780000)
 ParOldGen       total 170496K, used 53678K [0x0000000081800000, 0x000000008be80000, 0x00000000d5d80000)
  object space 170496K, 31% used [0x0000000081800000,0x0000000084c6b818,0x000000008be80000)
 Metaspace       used 51179K, capacity 57240K, committed 57600K, reserved 1099776K
  class space    used 5917K, capacity 7827K, committed 7936K, reserved 1048576K
GC Heap History (10 events):
Event: 12.115 GC heap before
{Heap before GC invocations=14 (full 2):
 PSYoungGen      total 218112K, used 211405K [0x00000000d5d80000, 0x00000000e5500000, 0x0000000100000000)
  eden space 207360K, 100% used [0x00000000d5d80000,0x00000000e2800000,0x00000000e2800000)
  from space 10752K, 37% used [0x00000000e2800000,0x00000000e2bf3750,0x00000000e3280000)
  to   space 10240K, 0% used [0x00000000e4b00000,0x00000000e4b00000,0x00000000e5500000)
 ParOldGen       total 148992K, used 44661K [0x0000000081800000, 0x000000008a980000, 0x00000000d5d80000)
  object space 148992K, 29% used [0x0000000081800000,0x000000008439d6e0,0x000000008a980000)
 Metaspace       used 32865K, capacity 36017K, committed 36352K, reserved 1081344K
  class space    used 3477K, capacity 4506K, committed 4608K, reserved 1048576K
Event: 12.133 GC heap after
Heap after GC invocations=14 (full 2):
 PSYoungGen      total 242688K, used 7828K [0x00000000d5d80000, 0x00000000e6e00000, 0x0000000100000000)
  eden space 232448K, 0% used [0x00000000d5d80000,0x00000000d5d80000,0x00000000e4080000)
  from space 10240K, 76% used [0x00000000e4b00000,0x00000000e52a50a8,0x00000000e5500000)
  to   space 10752K, 0% used [0x00000000e4080000,0x00000000e4080000,0x00000000e4b00000)
 ParOldGen       total 148992K, used 44669K [0x0000000081800000, 0x000000008a980000, 0x00000000d5d80000)
  object space 148992K, 29% used [0x0000000081800000,0x000000008439f6e0,0x000000008a980000)
 Metaspace       used 32865K, capacity 36017K, committed 36352K, reserved 1081344K
  class space    used 3477K, capacity 4506K, committed 4608K, reserved 1048576K
}
Event: 14.311 GC heap before
{Heap before GC invocations=15 (full 2):
 PSYoungGen      total 242688K, used 240276K [0x00000000d5d80000, 0x00000000e6e00000, 0x0000000100000000)
  eden space 232448K, 100% used [0x00000000d5d80000,0x00000000e4080000,0x00000000e4080000)
  from space 10240K, 76% used [0x00000000e4b00000,0x00000000e52a50a8,0x00000000e5500000)
  to   space 10752K, 0% used [0x00000000e4080000,0x00000000e4080000,0x00000000e4b00000)
 ParOldGen       total 148992K, used 44669K [0x0000000081800000, 0x000000008a980000, 0x00000000d5d80000)
  object space 148992K, 29% used [0x0000000081800000,0x000000008439f6e0,0x000000008a980000)
 Metaspace       used 39308K, capacity 43633K, committed 43904K, reserved 1087488K
  class space    used 4294K, capacity 5675K, committed 5760K, reserved 1048576K
Event: 14.345 GC heap after
Heap after GC invocations=15 (full 2):
 PSYoungGen      total 243200K, used 10720K [0x00000000d5d80000, 0x00000000e9000000, 0x0000000100000000)
  eden space 232448K, 0% used [0x00000000d5d80000,0x00000000d5d80000,0x00000000e4080000)
  from space 10752K, 99% used [0x00000000e4080000,0x00000000e4af8010,0x00000000e4b00000)
  to   space 13312K, 0% used [0x00000000e8300000,0x00000000e8300000,0x00000000e9000000)
 ParOldGen       total 148992K, used 47339K [0x0000000081800000, 0x000000008a980000, 0x00000000d5d80000)
  object space 148992K, 31% used [0x0000000081800000,0x000000008463aee8,0x000000008a980000)
 Metaspace       used 39308K, capacity 43633K, committed 43904K, reserved 1087488K
  class space    used 4294K, capacity 5675K, committed 5760K, reserved 1048576K
}
Event: 14.527 GC heap before
{Heap before GC invocations=16 (full 2):
 PSYoungGen      total 243200K, used 49067K [0x00000000d5d80000, 0x00000000e9000000, 0x0000000100000000)
  eden space 232448K, 16% used [0x00000000d5d80000,0x00000000d82f2d88,0x00000000e4080000)
  from space 10752K, 99% used [0x00000000e4080000,0x00000000e4af8010,0x00000000e4b00000)
  to   space 13312K, 0% used [0x00000000e8300000,0x00000000e8300000,0x00000000e9000000)
 ParOldGen       total 148992K, used 47339K [0x0000000081800000, 0x000000008a980000, 0x00000000d5d80000)
  object space 148992K, 31% used [0x0000000081800000,0x000000008463aee8,0x000000008a980000)
 Metaspace       used 40106K, capacity 44517K, committed 44588K, reserved 1087488K
  class space    used 4392K, capacity 5819K, committed 5888K, reserved 1048576K
Event: 14.551 GC heap after
Heap after GC invocations=16 (full 2):
 PSYoungGen      total 301056K, used 6911K [0x00000000d5d80000, 0x00000000eac00000, 0x0000000100000000)
  eden space 287744K, 0% used [0x00000000d5d80000,0x00000000d5d80000,0x00000000e7680000)
  from space 13312K, 51% used [0x00000000e8300000,0x00000000e89bfc90,0x00000000e9000000)
  to   space 12800K, 0% used [0x00000000e7680000,0x00000000e7680000,0x00000000e8300000)
 ParOldGen       total 148992K, used 52281K [0x0000000081800000, 0x000000008a980000, 0x00000000d5d80000)
  object space 148992K, 35% used [0x0000000081800000,0x0000000084b0e440,0x000000008a980000)
 Metaspace       used 40106K, capacity 44517K, committed 44588K, reserved 1087488K
  class space    used 4392K, capacity 5819K, committed 5888K, reserved 1048576K
}
Event: 14.551 GC heap before
{Heap before GC invocations=17 (full 3):
 PSYoungGen      total 301056K, used 6911K [0x00000000d5d80000, 0x00000000eac00000, 0x0000000100000000)
  eden space 287744K, 0% used [0x00000000d5d80000,0x00000000d5d80000,0x00000000e7680000)
  from space 13312K, 51% used [0x00000000e8300000,0x00000000e89bfc90,0x00000000e9000000)
  to   space 12800K, 0% used [0x00000000e7680000,0x00000000e7680000,0x00000000e8300000)
 ParOldGen       total 148992K, used 52281K [0x0000000081800000, 0x000000008a980000, 0x00000000d5d80000)
  object space 148992K, 35% used [0x0000000081800000,0x0000000084b0e440,0x000000008a980000)
 Metaspace       used 40106K, capacity 44517K, committed 44588K, reserved 1087488K
  class space    used 4392K, capacity 5819K, committed 5888K, reserved 1048576K
Event: 14.777 GC heap after
Heap after GC invocations=17 (full 3):
 PSYoungGen      total 301056K, used 0K [0x00000000d5d80000, 0x00000000eac00000, 0x0000000100000000)
  eden space 287744K, 0% used [0x00000000d5d80000,0x00000000d5d80000,0x00000000e7680000)
  from space 13312K, 0% used [0x00000000e8300000,0x00000000e8300000,0x00000000e9000000)
  to   space 12800K, 0% used [0x00000000e7680000,0x00000000e7680000,0x00000000e8300000)
 ParOldGen       total 170496K, used 53670K [0x0000000081800000, 0x000000008be80000, 0x00000000d5d80000)
  object space 170496K, 31% used [0x0000000081800000,0x0000000084c69818,0x000000008be80000)
 Metaspace       used 40106K, capacity 44517K, committed 44588K, reserved 1087488K
  class space    used 4392K, capacity 5819K, committed 5888K, reserved 1048576K
}
Event: 17.742 GC heap before
{Heap before GC invocations=18 (full 3):
 PSYoungGen      total 301056K, used 287744K [0x00000000d5d80000, 0x00000000eac00000, 0x0000000100000000)
  eden space 287744K, 100% used [0x00000000d5d80000,0x00000000e7680000,0x00000000e7680000)
  from space 13312K, 0% used [0x00000000e8300000,0x00000000e8300000,0x00000000e9000000)
  to   space 12800K, 0% used [0x00000000e7680000,0x00000000e7680000,0x00000000e8300000)
 ParOldGen       total 170496K, used 53670K [0x0000000081800000, 0x000000008be80000, 0x00000000d5d80000)
  object space 170496K, 31% used [0x0000000081800000,0x0000000084c69818,0x000000008be80000)
 Metaspace       used 47058K, capacity 52722K, committed 52864K, reserved 1095680K
  class space    used 5478K, capacity 7236K, committed 7296K, reserved 1048576K
Event: 17.756 GC heap after
Heap after GC invocations=18 (full 3):
 PSYoungGen      total 300544K, used 9808K [0x00000000d5d80000, 0x00000000ee780000, 0x0000000100000000)
  eden space 287744K, 0% used [0x00000000d5d80000,0x00000000d5d80000,0x00000000e7680000)
  from space 12800K, 76% used [0x00000000e7680000,0x00000000e80141e0,0x00000000e8300000)
  to   space 13312K, 0% used [0x00000000eda80000,0x00000000eda80000,0x00000000ee780000)
 ParOldGen       total 170496K, used 53678K [0x0000000081800000, 0x000000008be80000, 0x00000000d5d80000)
  object space 170496K, 31% used [0x0000000081800000,0x0000000084c6b818,0x000000008be80000)
 Metaspace       used 47058K, capacity 52722K, committed 52864K, reserved 1095680K
  class space    used 5478K, capacity 7236K, committed 7296K, reserved 1048576K
}

