# JRE version: OpenJDK Runtime Environment (8.0_242-b01) (build 1.8.0_242-release-1644-b01)
# Java VM: OpenJDK 64-Bit Server VM (25.242-b01 mixed mode windows-amd64 compressed oops)
Heap:
 PSYoungGen      total 237568K, used 66405K [0x00000000d5d80000, 0x00000000ea000000, 0x0000000100000000)
  eden space 230400K, 25% used [0x00000000d5d80000,0x00000000d977a008,0x00000000e3e80000)
  from space 7168K, 98% used [0x00000000e3e80000,0x00000000e455f518,0x00000000e4580000)
  to   space 8192K, 0% used [0x00000000e9800000,0x00000000e9800000,0x00000000ea000000)
 ParOldGen       total 121344K, used 47991K [0x0000000081800000, 0x0000000088e80000, 0x00000000d5d80000)
  object space 121344K, 39% used [0x0000000081800000,0x00000000846dde88,0x0000000088e80000)
 Metaspace       used 40157K, capacity 43935K, committed 44288K, reserved 1087488K
  class space    used 4301K, capacity 5529K, committed 5632K, reserved 1048576K
GC Heap History (10 events):
Event: 22.680 GC heap before
{Heap before GC invocations=13 (full 1):
 PSYoungGen      total 111104K, used 105787K [0x00000000d5d80000, 0x00000000e0a80000, 0x0000000100000000)
  eden space 103424K, 100% used [0x00000000d5d80000,0x00000000dc280000,0x00000000dc280000)
  from space 7680K, 30% used [0x00000000dc280000,0x00000000dc4cedc8,0x00000000dca00000)
  to   space 7680K, 0% used [0x00000000e0300000,0x00000000e0300000,0x00000000e0a80000)
 ParOldGen       total 47616K, used 9301K [0x0000000081800000, 0x0000000084680000, 0x00000000d5d80000)
  object space 47616K, 19% used [0x0000000081800000,0x0000000082115520,0x0000000084680000)
 Metaspace       used 25623K, capacity 27771K, committed 27904K, reserved 1073152K
  class space    used 2874K, capacity 3539K, committed 3584K, reserved 1048576K
Event: 22.750 GC heap after
Heap after GC invocations=13 (full 1):
 PSYoungGen      total 168448K, used 4695K [0x00000000d5d80000, 0x00000000e0a00000, 0x0000000100000000)
  eden space 161280K, 0% used [0x00000000d5d80000,0x00000000d5d80000,0x00000000dfb00000)
  from space 7168K, 65% used [0x00000000e0300000,0x00000000e0795d88,0x00000000e0a00000)
  to   space 7680K, 0% used [0x00000000dfb00000,0x00000000dfb00000,0x00000000e0280000)
 ParOldGen       total 104960K, used 95904K [0x0000000081800000, 0x0000000087e80000, 0x00000000d5d80000)
  object space 104960K, 91% used [0x0000000081800000,0x00000000875a8020,0x0000000087e80000)
 Metaspace       used 25623K, capacity 27771K, committed 27904K, reserved 1073152K
  class space    used 2874K, capacity 3539K, committed 3584K, reserved 1048576K
}
Event: 22.750 GC heap before
{Heap before GC invocations=14 (full 2):
 PSYoungGen      total 168448K, used 4695K [0x00000000d5d80000, 0x00000000e0a00000, 0x0000000100000000)
  eden space 161280K, 0% used [0x00000000d5d80000,0x00000000d5d80000,0x00000000dfb00000)
  from space 7168K, 65% used [0x00000000e0300000,0x00000000e0795d88,0x00000000e0a00000)
  to   space 7680K, 0% used [0x00000000dfb00000,0x00000000dfb00000,0x00000000e0280000)
 ParOldGen       total 104960K, used 95904K [0x0000000081800000, 0x0000000087e80000, 0x00000000d5d80000)
  object space 104960K, 91% used [0x0000000081800000,0x00000000875a8020,0x0000000087e80000)
 Metaspace       used 25623K, capacity 27771K, committed 27904K, reserved 1073152K
  class space    used 2874K, capacity 3539K, committed 3584K, reserved 1048576K
Event: 22.827 GC heap after
Heap after GC invocations=14 (full 2):
 PSYoungGen      total 168448K, used 0K [0x00000000d5d80000, 0x00000000e0a00000, 0x0000000100000000)
  eden space 161280K, 0% used [0x00000000d5d80000,0x00000000d5d80000,0x00000000dfb00000)
  from space 7168K, 0% used [0x00000000e0300000,0x00000000e0300000,0x00000000e0a00000)
  to   space 7680K, 0% used [0x00000000dfb00000,0x00000000dfb00000,0x00000000e0280000)
 ParOldGen       total 121344K, used 43494K [0x0000000081800000, 0x0000000088e80000, 0x00000000d5d80000)
  object space 121344K, 35% used [0x0000000081800000,0x0000000084279970,0x0000000088e80000)
 Metaspace       used 25623K, capacity 27771K, committed 27904K, reserved 1073152K
  class space    used 2874K, capacity 3539K, committed 3584K, reserved 1048576K
}
Event: 24.439 GC heap before
{Heap before GC invocations=15 (full 2):
 PSYoungGen      total 168448K, used 161280K [0x00000000d5d80000, 0x00000000e0a00000, 0x0000000100000000)
  eden space 161280K, 100% used [0x00000000d5d80000,0x00000000dfb00000,0x00000000dfb00000)
  from space 7168K, 0% used [0x00000000e0300000,0x00000000e0300000,0x00000000e0a00000)
  to   space 7680K, 0% used [0x00000000dfb00000,0x00000000dfb00000,0x00000000e0280000)
 ParOldGen       total 121344K, used 43494K [0x0000000081800000, 0x0000000088e80000, 0x00000000d5d80000)
  object space 121344K, 35% used [0x0000000081800000,0x0000000084279970,0x0000000088e80000)
 Metaspace       used 29570K, capacity 32365K, committed 32640K, reserved 1077248K
  class space    used 3262K, capacity 4132K, committed 4224K, reserved 1048576K
Event: 24.448 GC heap after
Heap after GC invocations=15 (full 2):
 PSYoungGen      total 168960K, used 3953K [0x00000000d5d80000, 0x00000000e4f00000, 0x0000000100000000)
  eden space 161280K, 0% used [0x00000000d5d80000,0x00000000d5d80000,0x00000000dfb00000)
  from space 7680K, 51% used [0x00000000dfb00000,0x00000000dfedc538,0x00000000e0280000)
  to   space 7680K, 0% used [0x00000000e4780000,0x00000000e4780000,0x00000000e4f00000)
 ParOldGen       total 121344K, used 43502K [0x0000000081800000, 0x0000000088e80000, 0x00000000d5d80000)
  object space 121344K, 35% used [0x0000000081800000,0x000000008427b970,0x0000000088e80000)
 Metaspace       used 29570K, capacity 32365K, committed 32640K, reserved 1077248K
  class space    used 3262K, capacity 4132K, committed 4224K, reserved 1048576K
}
Event: 26.605 GC heap before
{Heap before GC invocations=16 (full 2):
 PSYoungGen      total 168960K, used 165233K [0x00000000d5d80000, 0x00000000e4f00000, 0x0000000100000000)
  eden space 161280K, 100% used [0x00000000d5d80000,0x00000000dfb00000,0x00000000dfb00000)
  from space 7680K, 51% used [0x00000000dfb00000,0x00000000dfedc538,0x00000000e0280000)
  to   space 7680K, 0% used [0x00000000e4780000,0x00000000e4780000,0x00000000e4f00000)
 ParOldGen       total 121344K, used 43502K [0x0000000081800000, 0x0000000088e80000, 0x00000000d5d80000)
  object space 121344K, 35% used [0x0000000081800000,0x000000008427b970,0x0000000088e80000)
 Metaspace       used 33373K, capacity 36457K, committed 36608K, reserved 1081344K
  class space    used 3592K, capacity 4586K, committed 4608K, reserved 1048576K
Event: 26.614 GC heap after
Heap after GC invocations=16 (full 2):
 PSYoungGen      total 232448K, used 4798K [0x00000000d5d80000, 0x00000000e4c80000, 0x0000000100000000)
  eden space 227328K, 0% used [0x00000000d5d80000,0x00000000d5d80000,0x00000000e3b80000)
  from space 5120K, 93% used [0x00000000e4780000,0x00000000e4c2f9e0,0x00000000e4c80000)
  to   space 7168K, 0% used [0x00000000e3e80000,0x00000000e3e80000,0x00000000e4580000)
 ParOldGen       total 121344K, used 45563K [0x0000000081800000, 0x0000000088e80000, 0x00000000d5d80000)
  object space 121344K, 37% used [0x0000000081800000,0x000000008447ed90,0x0000000088e80000)
 Metaspace       used 33373K, capacity 36457K, committed 36608K, reserved 1081344K
  class space    used 3592K, capacity 4586K, committed 4608K, reserved 1048576K
}
Event: 29.364 GC heap before
{Heap before GC invocations=17 (full 2):
 PSYoungGen      total 232448K, used 232126K [0x00000000d5d80000, 0x00000000e4c80000, 0x0000000100000000)
  eden space 227328K, 100% used [0x00000000d5d80000,0x00000000e3b80000,0x00000000e3b80000)
  from space 5120K, 93% used [0x00000000e4780000,0x00000000e4c2f9e0,0x00000000e4c80000)
  to   space 7168K, 0% used [0x00000000e3e80000,0x00000000e3e80000,0x00000000e4580000)
 ParOldGen       total 121344K, used 45563K [0x0000000081800000, 0x0000000088e80000, 0x00000000d5d80000)
  object space 121344K, 37% used [0x0000000081800000,0x000000008447ed90,0x0000000088e80000)
 Metaspace       used 38745K, capacity 42259K, committed 42496K, reserved 1087488K
  class space    used 4146K, capacity 5259K, committed 5376K, reserved 1048576K
Event: 29.383 GC heap after
Heap after GC invocations=17 (full 2):
 PSYoungGen      total 237568K, used 7037K [0x00000000d5d80000, 0x00000000ea000000, 0x0000000100000000)
  eden space 230400K, 0% used [0x00000000d5d80000,0x00000000d5d80000,0x00000000e3e80000)
  from space 7168K, 98% used [0x00000000e3e80000,0x00000000e455f518,0x00000000e4580000)
  to   space 8192K, 0% used [0x00000000e9800000,0x00000000e9800000,0x00000000ea000000)
 ParOldGen       total 121344K, used 47991K [0x0000000081800000, 0x0000000088e80000, 0x00000000d5d80000)
  object space 121344K, 39% used [0x0000000081800000,0x00000000846dde88,0x0000000088e80000)
 Metaspace       used 38745K, capacity 42259K, committed 42496K, reserved 1087488K
  class space    used 4146K, capacity 5259K, committed 5376K, reserved 1048576K
}

