# JRE version: OpenJDK Runtime Environment (8.0_242-b01) (build 1.8.0_242-release-1644-b01)
# Java VM: OpenJDK 64-Bit Server VM (25.242-b01 mixed mode windows-amd64 compressed oops)
Heap:
 PSYoungGen      total 372736K, used 44322K [0x00000000d5d80000, 0x00000000ee680000, 0x0000000100000000)
  eden space 365056K, 12% used [0x00000000d5d80000,0x00000000d88c8a18,0x00000000ec200000)
  from space 7680K, 0% used [0x00000000edf00000,0x00000000edf00000,0x00000000ee680000)
  to   space 12288K, 0% used [0x00000000ece80000,0x00000000ece80000,0x00000000eda80000)
 ParOldGen       total 135680K, used 59454K [0x0000000081800000, 0x0000000089c80000, 0x00000000d5d80000)
  object space 135680K, 43% used [0x0000000081800000,0x000000008520fb20,0x0000000089c80000)
 Metaspace       used 46199K, capacity 51696K, committed 51928K, reserved 1093632K
  class space    used 5383K, capacity 7105K, committed 7168K, reserved 1048576K
GC Heap History (10 events):
Event: 7.424 GC heap before
{Heap before GC invocations=11 (full 2):
 PSYoungGen      total 273408K, used 8889K [0x00000000d5d80000, 0x00000000eeb00000, 0x0000000100000000)
  eden space 261120K, 0% used [0x00000000d5d80000,0x00000000d5d80000,0x00000000e5c80000)
  from space 12288K, 72% used [0x00000000e5c80000,0x00000000e652e688,0x00000000e6880000)
  to   space 12288K, 0% used [0x00000000edf00000,0x00000000edf00000,0x00000000eeb00000)
 ParOldGen       total 110080K, used 95128K [0x0000000081800000, 0x0000000088380000, 0x00000000d5d80000)
  object space 110080K, 86% used [0x0000000081800000,0x00000000874e60c0,0x0000000088380000)
 Metaspace       used 26918K, capacity 29739K, committed 30080K, reserved 1075200K
  class space    used 2989K, capacity 3877K, committed 3968K, reserved 1048576K
Event: 7.491 GC heap after
Heap after GC invocations=11 (full 2):
 PSYoungGen      total 273408K, used 0K [0x00000000d5d80000, 0x00000000eeb00000, 0x0000000100000000)
  eden space 261120K, 0% used [0x00000000d5d80000,0x00000000d5d80000,0x00000000e5c80000)
  from space 12288K, 0% used [0x00000000e5c80000,0x00000000e5c80000,0x00000000e6880000)
  to   space 12288K, 0% used [0x00000000edf00000,0x00000000edf00000,0x00000000eeb00000)
 ParOldGen       total 135680K, used 46762K [0x0000000081800000, 0x0000000089c80000, 0x00000000d5d80000)
  object space 135680K, 34% used [0x0000000081800000,0x00000000845aa830,0x0000000089c80000)
 Metaspace       used 26918K, capacity 29739K, committed 30080K, reserved 1075200K
  class space    used 2989K, capacity 3877K, committed 3968K, reserved 1048576K
}
Event: 9.184 GC heap before
{Heap before GC invocations=12 (full 2):
 PSYoungGen      total 273408K, used 261120K [0x00000000d5d80000, 0x00000000eeb00000, 0x0000000100000000)
  eden space 261120K, 100% used [0x00000000d5d80000,0x00000000e5c80000,0x00000000e5c80000)
  from space 12288K, 0% used [0x00000000e5c80000,0x00000000e5c80000,0x00000000e6880000)
  to   space 12288K, 0% used [0x00000000edf00000,0x00000000edf00000,0x00000000eeb00000)
 ParOldGen       total 135680K, used 46762K [0x0000000081800000, 0x0000000089c80000, 0x00000000d5d80000)
  object space 135680K, 34% used [0x0000000081800000,0x00000000845aa830,0x0000000089c80000)
 Metaspace       used 32773K, capacity 35901K, committed 35968K, reserved 1081344K
  class space    used 3467K, capacity 4442K, committed 4480K, reserved 1048576K
Event: 9.201 GC heap after
Heap after GC invocations=12 (full 2):
 PSYoungGen      total 372736K, used 7278K [0x00000000d5d80000, 0x00000000ee680000, 0x0000000100000000)
  eden space 365056K, 0% used [0x00000000d5d80000,0x00000000d5d80000,0x00000000ec200000)
  from space 7680K, 94% used [0x00000000edf00000,0x00000000ee61b870,0x00000000ee680000)
  to   space 12288K, 0% used [0x00000000ece80000,0x00000000ece80000,0x00000000eda80000)
 ParOldGen       total 135680K, used 46762K [0x0000000081800000, 0x0000000089c80000, 0x00000000d5d80000)
  object space 135680K, 34% used [0x0000000081800000,0x00000000845aa830,0x0000000089c80000)
 Metaspace       used 32773K, capacity 35901K, committed 35968K, reserved 1081344K
  class space    used 3467K, capacity 4442K, committed 4480K, reserved 1048576K
}
Event: 11.810 GC heap before
{Heap before GC invocations=13 (full 2):
 PSYoungGen      total 372736K, used 372334K [0x00000000d5d80000, 0x00000000ee680000, 0x0000000100000000)
  eden space 365056K, 100% used [0x00000000d5d80000,0x00000000ec200000,0x00000000ec200000)
  from space 7680K, 94% used [0x00000000edf00000,0x00000000ee61b870,0x00000000ee680000)
  to   space 12288K, 0% used [0x00000000ece80000,0x00000000ece80000,0x00000000eda80000)
 ParOldGen       total 135680K, used 46762K [0x0000000081800000, 0x0000000089c80000, 0x00000000d5d80000)
  object space 135680K, 34% used [0x0000000081800000,0x00000000845aa830,0x0000000089c80000)
 Metaspace       used 42574K, capacity 47500K, committed 47744K, reserved 1091584K
  class space    used 4934K, capacity 6473K, committed 6528K, reserved 1048576K
Event: 11.838 GC heap after
Heap after GC invocations=13 (full 2):
 PSYoungGen      total 377344K, used 12259K [0x00000000d5d80000, 0x00000000ee680000, 0x0000000100000000)
  eden space 365056K, 0% used [0x00000000d5d80000,0x00000000d5d80000,0x00000000ec200000)
  from space 12288K, 99% used [0x00000000ece80000,0x00000000eda78dd8,0x00000000eda80000)
  to   space 7680K, 0% used [0x00000000edf00000,0x00000000edf00000,0x00000000ee680000)
 ParOldGen       total 135680K, used 53018K [0x0000000081800000, 0x0000000089c80000, 0x00000000d5d80000)
  object space 135680K, 39% used [0x0000000081800000,0x0000000084bc6ad0,0x0000000089c80000)
 Metaspace       used 42574K, capacity 47500K, committed 47744K, reserved 1091584K
  class space    used 4934K, capacity 6473K, committed 6528K, reserved 1048576K
}
Event: 12.564 GC heap before
{Heap before GC invocations=14 (full 2):
 PSYoungGen      total 377344K, used 127696K [0x00000000d5d80000, 0x00000000ee680000, 0x0000000100000000)
  eden space 365056K, 31% used [0x00000000d5d80000,0x00000000dce3b230,0x00000000ec200000)
  from space 12288K, 99% used [0x00000000ece80000,0x00000000eda78dd8,0x00000000eda80000)
  to   space 7680K, 0% used [0x00000000edf00000,0x00000000edf00000,0x00000000ee680000)
 ParOldGen       total 135680K, used 53018K [0x0000000081800000, 0x0000000089c80000, 0x00000000d5d80000)
  object space 135680K, 39% used [0x0000000081800000,0x0000000084bc6ad0,0x0000000089c80000)
 Metaspace       used 44822K, capacity 50016K, committed 50136K, reserved 1093632K
  class space    used 5223K, capacity 6863K, committed 6912K, reserved 1048576K
Event: 12.584 GC heap after
Heap after GC invocations=14 (full 2):
 PSYoungGen      total 372736K, used 3222K [0x00000000d5d80000, 0x00000000ee680000, 0x0000000100000000)
  eden space 365056K, 0% used [0x00000000d5d80000,0x00000000d5d80000,0x00000000ec200000)
  from space 7680K, 41% used [0x00000000edf00000,0x00000000ee225960,0x00000000ee680000)
  to   space 12288K, 0% used [0x00000000ece80000,0x00000000ece80000,0x00000000eda80000)
 ParOldGen       total 135680K, used 62449K [0x0000000081800000, 0x0000000089c80000, 0x00000000d5d80000)
  object space 135680K, 46% used [0x0000000081800000,0x00000000854fc598,0x0000000089c80000)
 Metaspace       used 44822K, capacity 50016K, committed 50136K, reserved 1093632K
  class space    used 5223K, capacity 6863K, committed 6912K, reserved 1048576K
}
Event: 12.584 GC heap before
{Heap before GC invocations=15 (full 3):
 PSYoungGen      total 372736K, used 3222K [0x00000000d5d80000, 0x00000000ee680000, 0x0000000100000000)
  eden space 365056K, 0% used [0x00000000d5d80000,0x00000000d5d80000,0x00000000ec200000)
  from space 7680K, 41% used [0x00000000edf00000,0x00000000ee225960,0x00000000ee680000)
  to   space 12288K, 0% used [0x00000000ece80000,0x00000000ece80000,0x00000000eda80000)
 ParOldGen       total 135680K, used 62449K [0x0000000081800000, 0x0000000089c80000, 0x00000000d5d80000)
  object space 135680K, 46% used [0x0000000081800000,0x00000000854fc598,0x0000000089c80000)
 Metaspace       used 44822K, capacity 50016K, committed 50136K, reserved 1093632K
  class space    used 5223K, capacity 6863K, committed 6912K, reserved 1048576K
Event: 12.885 GC heap after
Heap after GC invocations=15 (full 3):
 PSYoungGen      total 372736K, used 0K [0x00000000d5d80000, 0x00000000ee680000, 0x0000000100000000)
  eden space 365056K, 0% used [0x00000000d5d80000,0x00000000d5d80000,0x00000000ec200000)
  from space 7680K, 0% used [0x00000000edf00000,0x00000000edf00000,0x00000000ee680000)
  to   space 12288K, 0% used [0x00000000ece80000,0x00000000ece80000,0x00000000eda80000)
 ParOldGen       total 135680K, used 59454K [0x0000000081800000, 0x0000000089c80000, 0x00000000d5d80000)
  object space 135680K, 43% used [0x0000000081800000,0x000000008520fb20,0x0000000089c80000)
 Metaspace       used 44822K, capacity 50016K, committed 50136K, reserved 1093632K
  class space    used 5223K, capacity 6863K, committed 6912K, reserved 1048576K
}

