# JRE version: OpenJDK Runtime Environment (8.0_242-b01) (build 1.8.0_242-release-1644-b01)
# Java VM: OpenJDK 64-Bit Server VM (25.242-b01 mixed mode windows-amd64 compressed oops)
Heap:
 PSYoungGen      total 389120K, used 16154K [0x00000000d5d80000, 0x00000000f2600000, 0x0000000100000000)
  eden space 373760K, 4% used [0x00000000d5d80000,0x00000000d6d46898,0x00000000eca80000)
  from space 15360K, 0% used [0x00000000f1700000,0x00000000f1700000,0x00000000f2600000)
  to   space 12288K, 0% used [0x00000000eca80000,0x00000000eca80000,0x00000000ed680000)
 ParOldGen       total 165888K, used 59818K [0x0000000081800000, 0x000000008ba00000, 0x00000000d5d80000)
  object space 165888K, 36% used [0x0000000081800000,0x000000008526ab38,0x000000008ba00000)
 Metaspace       used 45547K, capacity 51044K, committed 51416K, reserved 1093632K
  class space    used 5348K, capacity 7041K, committed 7168K, reserved 1048576K
GC Heap History (10 events):
Event: 7.995 GC heap before
{Heap before GC invocations=11 (full 2):
 PSYoungGen      total 272384K, used 8599K [0x00000000d5d80000, 0x00000000ee680000, 0x0000000100000000)
  eden space 260096K, 0% used [0x00000000d5d80000,0x00000000d5d80000,0x00000000e5b80000)
  from space 12288K, 69% used [0x00000000e5b80000,0x00000000e63e5fe0,0x00000000e6780000)
  to   space 12288K, 0% used [0x00000000eda80000,0x00000000eda80000,0x00000000ee680000)
 ParOldGen       total 82432K, used 66637K [0x0000000081800000, 0x0000000086880000, 0x00000000d5d80000)
  object space 82432K, 80% used [0x0000000081800000,0x00000000859135f8,0x0000000086880000)
 Metaspace       used 26909K, capacity 29739K, committed 30080K, reserved 1075200K
  class space    used 2992K, capacity 3877K, committed 3968K, reserved 1048576K
Event: 8.094 GC heap after
Heap after GC invocations=11 (full 2):
 PSYoungGen      total 272384K, used 0K [0x00000000d5d80000, 0x00000000ee680000, 0x0000000100000000)
  eden space 260096K, 0% used [0x00000000d5d80000,0x00000000d5d80000,0x00000000e5b80000)
  from space 12288K, 0% used [0x00000000e5b80000,0x00000000e5b80000,0x00000000e6780000)
  to   space 12288K, 0% used [0x00000000eda80000,0x00000000eda80000,0x00000000ee680000)
 ParOldGen       total 131584K, used 46441K [0x0000000081800000, 0x0000000089880000, 0x00000000d5d80000)
  object space 131584K, 35% used [0x0000000081800000,0x000000008455a5c0,0x0000000089880000)
 Metaspace       used 26909K, capacity 29739K, committed 30080K, reserved 1075200K
  class space    used 2992K, capacity 3877K, committed 3968K, reserved 1048576K
}
Event: 9.577 GC heap before
{Heap before GC invocations=12 (full 2):
 PSYoungGen      total 272384K, used 260096K [0x00000000d5d80000, 0x00000000ee680000, 0x0000000100000000)
  eden space 260096K, 100% used [0x00000000d5d80000,0x00000000e5b80000,0x00000000e5b80000)
  from space 12288K, 0% used [0x00000000e5b80000,0x00000000e5b80000,0x00000000e6780000)
  to   space 12288K, 0% used [0x00000000eda80000,0x00000000eda80000,0x00000000ee680000)
 ParOldGen       total 131584K, used 46441K [0x0000000081800000, 0x0000000089880000, 0x00000000d5d80000)
  object space 131584K, 35% used [0x0000000081800000,0x000000008455a5c0,0x0000000089880000)
 Metaspace       used 32739K, capacity 35925K, committed 35968K, reserved 1081344K
  class space    used 3468K, capacity 4474K, committed 4480K, reserved 1048576K
Event: 9.599 GC heap after
Heap after GC invocations=12 (full 2):
 PSYoungGen      total 348672K, used 7717K [0x00000000d5d80000, 0x00000000ee280000, 0x0000000100000000)
  eden space 340480K, 0% used [0x00000000d5d80000,0x00000000d5d80000,0x00000000eaa00000)
  from space 8192K, 94% used [0x00000000eda80000,0x00000000ee209570,0x00000000ee280000)
  to   space 12288K, 0% used [0x00000000eca80000,0x00000000eca80000,0x00000000ed680000)
 ParOldGen       total 131584K, used 46449K [0x0000000081800000, 0x0000000089880000, 0x00000000d5d80000)
  object space 131584K, 35% used [0x0000000081800000,0x000000008455c5c0,0x0000000089880000)
 Metaspace       used 32739K, capacity 35925K, committed 35968K, reserved 1081344K
  class space    used 3468K, capacity 4474K, committed 4480K, reserved 1048576K
}
Event: 12.119 GC heap before
{Heap before GC invocations=13 (full 2):
 PSYoungGen      total 348672K, used 348197K [0x00000000d5d80000, 0x00000000ee280000, 0x0000000100000000)
  eden space 340480K, 100% used [0x00000000d5d80000,0x00000000eaa00000,0x00000000eaa00000)
  from space 8192K, 94% used [0x00000000eda80000,0x00000000ee209570,0x00000000ee280000)
  to   space 12288K, 0% used [0x00000000eca80000,0x00000000eca80000,0x00000000ed680000)
 ParOldGen       total 131584K, used 46449K [0x0000000081800000, 0x0000000089880000, 0x00000000d5d80000)
  object space 131584K, 35% used [0x0000000081800000,0x000000008455c5c0,0x0000000089880000)
 Metaspace       used 41778K, capacity 46598K, committed 46720K, reserved 1089536K
  class space    used 4670K, capacity 6190K, committed 6272K, reserved 1048576K
Event: 12.148 GC heap after
Heap after GC invocations=13 (full 2):
 PSYoungGen      total 386048K, used 12269K [0x00000000d5d80000, 0x00000000f2600000, 0x0000000100000000)
  eden space 373760K, 0% used [0x00000000d5d80000,0x00000000d5d80000,0x00000000eca80000)
  from space 12288K, 99% used [0x00000000eca80000,0x00000000ed67b7c0,0x00000000ed680000)
  to   space 15360K, 0% used [0x00000000f1700000,0x00000000f1700000,0x00000000f2600000)
 ParOldGen       total 131584K, used 51058K [0x0000000081800000, 0x0000000089880000, 0x00000000d5d80000)
  object space 131584K, 38% used [0x0000000081800000,0x00000000849dcac0,0x0000000089880000)
 Metaspace       used 41778K, capacity 46598K, committed 46720K, reserved 1089536K
  class space    used 4670K, capacity 6190K, committed 6272K, reserved 1048576K
}
Event: 12.997 GC heap before
{Heap before GC invocations=14 (full 2):
 PSYoungGen      total 386048K, used 152390K [0x00000000d5d80000, 0x00000000f2600000, 0x0000000100000000)
  eden space 373760K, 37% used [0x00000000d5d80000,0x00000000de6562c8,0x00000000eca80000)
  from space 12288K, 99% used [0x00000000eca80000,0x00000000ed67b7c0,0x00000000ed680000)
  to   space 15360K, 0% used [0x00000000f1700000,0x00000000f1700000,0x00000000f2600000)
 ParOldGen       total 131584K, used 51058K [0x0000000081800000, 0x0000000089880000, 0x00000000d5d80000)
  object space 131584K, 38% used [0x0000000081800000,0x00000000849dcac0,0x0000000089880000)
 Metaspace       used 44835K, capacity 50012K, committed 50136K, reserved 1093632K
  class space    used 5225K, capacity 6863K, committed 6912K, reserved 1048576K
Event: 13.016 GC heap after
Heap after GC invocations=14 (full 2):
 PSYoungGen      total 389120K, used 4593K [0x00000000d5d80000, 0x00000000f2600000, 0x0000000100000000)
  eden space 373760K, 0% used [0x00000000d5d80000,0x00000000d5d80000,0x00000000eca80000)
  from space 15360K, 29% used [0x00000000f1700000,0x00000000f1b7c6c0,0x00000000f2600000)
  to   space 12288K, 0% used [0x00000000eca80000,0x00000000eca80000,0x00000000ed680000)
 ParOldGen       total 131584K, used 63028K [0x0000000081800000, 0x0000000089880000, 0x00000000d5d80000)
  object space 131584K, 47% used [0x0000000081800000,0x000000008558d168,0x0000000089880000)
 Metaspace       used 44835K, capacity 50012K, committed 50136K, reserved 1093632K
  class space    used 5225K, capacity 6863K, committed 6912K, reserved 1048576K
}
Event: 13.016 GC heap before
{Heap before GC invocations=15 (full 3):
 PSYoungGen      total 389120K, used 4593K [0x00000000d5d80000, 0x00000000f2600000, 0x0000000100000000)
  eden space 373760K, 0% used [0x00000000d5d80000,0x00000000d5d80000,0x00000000eca80000)
  from space 15360K, 29% used [0x00000000f1700000,0x00000000f1b7c6c0,0x00000000f2600000)
  to   space 12288K, 0% used [0x00000000eca80000,0x00000000eca80000,0x00000000ed680000)
 ParOldGen       total 131584K, used 63028K [0x0000000081800000, 0x0000000089880000, 0x00000000d5d80000)
  object space 131584K, 47% used [0x0000000081800000,0x000000008558d168,0x0000000089880000)
 Metaspace       used 44835K, capacity 50012K, committed 50136K, reserved 1093632K
  class space    used 5225K, capacity 6863K, committed 6912K, reserved 1048576K
Event: 13.341 GC heap after
Heap after GC invocations=15 (full 3):
 PSYoungGen      total 389120K, used 0K [0x00000000d5d80000, 0x00000000f2600000, 0x0000000100000000)
  eden space 373760K, 0% used [0x00000000d5d80000,0x00000000d5d80000,0x00000000eca80000)
  from space 15360K, 0% used [0x00000000f1700000,0x00000000f1700000,0x00000000f2600000)
  to   space 12288K, 0% used [0x00000000eca80000,0x00000000eca80000,0x00000000ed680000)
 ParOldGen       total 165888K, used 59818K [0x0000000081800000, 0x000000008ba00000, 0x00000000d5d80000)
  object space 165888K, 36% used [0x0000000081800000,0x000000008526ab38,0x000000008ba00000)
 Metaspace       used 44835K, capacity 50012K, committed 50136K, reserved 1093632K
  class space    used 5225K, capacity 6863K, committed 6912K, reserved 1048576K
}

