# JRE version: OpenJDK Runtime Environment (8.0_242-b01) (build 1.8.0_242-release-1644-b01)
# Java VM: OpenJDK 64-Bit Server VM (25.242-b01 mixed mode windows-amd64 compressed oops)
Heap:
 PSYoungGen      total 330240K, used 119361K [0x00000000d5d80000, 0x00000000f1f00000, 0x0000000100000000)
  eden space 319488K, 34% used [0x00000000d5d80000,0x00000000dc7f8d88,0x00000000e9580000)
  from space 10752K, 96% used [0x00000000e9580000,0x00000000e9f97840,0x00000000ea000000)
  to   space 11776K, 0% used [0x00000000f1380000,0x00000000f1380000,0x00000000f1f00000)
 ParOldGen       total 157696K, used 53357K [0x0000000081800000, 0x000000008b200000, 0x00000000d5d80000)
  object space 157696K, 33% used [0x0000000081800000,0x0000000084c1b4b0,0x000000008b200000)
 Metaspace       used 49436K, capacity 55490K, committed 55552K, reserved 1097728K
  class space    used 5751K, capacity 7652K, committed 7680K, reserved 1048576K
GC Heap History (10 events):
Event: 8.628 GC heap before
{Heap before GC invocations=14 (full 2):
 PSYoungGen      total 218112K, used 211706K [0x00000000d5d80000, 0x00000000e6700000, 0x0000000100000000)
  eden space 207360K, 100% used [0x00000000d5d80000,0x00000000e2800000,0x00000000e2800000)
  from space 10752K, 40% used [0x00000000e2800000,0x00000000e2c3e9a8,0x00000000e3280000)
  to   space 10752K, 0% used [0x00000000e5c80000,0x00000000e5c80000,0x00000000e6700000)
 ParOldGen       total 140800K, used 44560K [0x0000000081800000, 0x000000008a180000, 0x00000000d5d80000)
  object space 140800K, 31% used [0x0000000081800000,0x0000000084384218,0x000000008a180000)
 Metaspace       used 32916K, capacity 36065K, committed 36352K, reserved 1081344K
  class space    used 3482K, capacity 4506K, committed 4608K, reserved 1048576K
Event: 8.643 GC heap after
Heap after GC invocations=14 (full 2):
 PSYoungGen      total 261632K, used 5896K [0x00000000d5d80000, 0x00000000e7780000, 0x0000000100000000)
  eden space 250880K, 0% used [0x00000000d5d80000,0x00000000d5d80000,0x00000000e5280000)
  from space 10752K, 54% used [0x00000000e5c80000,0x00000000e62422a8,0x00000000e6700000)
  to   space 10240K, 0% used [0x00000000e5280000,0x00000000e5280000,0x00000000e5c80000)
 ParOldGen       total 140800K, used 46445K [0x0000000081800000, 0x000000008a180000, 0x00000000d5d80000)
  object space 140800K, 32% used [0x0000000081800000,0x000000008455b638,0x000000008a180000)
 Metaspace       used 32916K, capacity 36065K, committed 36352K, reserved 1081344K
  class space    used 3482K, capacity 4506K, committed 4608K, reserved 1048576K
}
Event: 10.423 GC heap before
{Heap before GC invocations=15 (full 2):
 PSYoungGen      total 261632K, used 256776K [0x00000000d5d80000, 0x00000000e7780000, 0x0000000100000000)
  eden space 250880K, 100% used [0x00000000d5d80000,0x00000000e5280000,0x00000000e5280000)
  from space 10752K, 54% used [0x00000000e5c80000,0x00000000e62422a8,0x00000000e6700000)
  to   space 10240K, 0% used [0x00000000e5280000,0x00000000e5280000,0x00000000e5c80000)
 ParOldGen       total 140800K, used 46445K [0x0000000081800000, 0x000000008a180000, 0x00000000d5d80000)
  object space 140800K, 32% used [0x0000000081800000,0x000000008455b638,0x000000008a180000)
 Metaspace       used 39932K, capacity 44313K, committed 44416K, reserved 1087488K
  class space    used 4368K, capacity 5757K, committed 5760K, reserved 1048576K
Event: 10.446 GC heap after
Heap after GC invocations=15 (full 2):
 PSYoungGen      total 261120K, used 9479K [0x00000000d5d80000, 0x00000000eab00000, 0x0000000100000000)
  eden space 250880K, 0% used [0x00000000d5d80000,0x00000000d5d80000,0x00000000e5280000)
  from space 10240K, 92% used [0x00000000e5280000,0x00000000e5bc1db0,0x00000000e5c80000)
  to   space 11264K, 0% used [0x00000000ea000000,0x00000000ea000000,0x00000000eab00000)
 ParOldGen       total 140800K, used 49482K [0x0000000081800000, 0x000000008a180000, 0x00000000d5d80000)
  object space 140800K, 35% used [0x0000000081800000,0x0000000084852a58,0x000000008a180000)
 Metaspace       used 39932K, capacity 44313K, committed 44416K, reserved 1087488K
  class space    used 4368K, capacity 5757K, committed 5760K, reserved 1048576K
}
Event: 10.476 GC heap before
{Heap before GC invocations=16 (full 2):
 PSYoungGen      total 261120K, used 21043K [0x00000000d5d80000, 0x00000000eab00000, 0x0000000100000000)
  eden space 250880K, 4% used [0x00000000d5d80000,0x00000000d68cb140,0x00000000e5280000)
  from space 10240K, 92% used [0x00000000e5280000,0x00000000e5bc1db0,0x00000000e5c80000)
  to   space 11264K, 0% used [0x00000000ea000000,0x00000000ea000000,0x00000000eab00000)
 ParOldGen       total 140800K, used 49482K [0x0000000081800000, 0x000000008a180000, 0x00000000d5d80000)
  object space 140800K, 35% used [0x0000000081800000,0x0000000084852a58,0x000000008a180000)
 Metaspace       used 40107K, capacity 44523K, committed 44588K, reserved 1087488K
  class space    used 4392K, capacity 5824K, committed 5888K, reserved 1048576K
Event: 10.486 GC heap after
Heap after GC invocations=16 (full 2):
 PSYoungGen      total 330752K, used 6483K [0x00000000d5d80000, 0x00000000ed500000, 0x0000000100000000)
  eden space 319488K, 0% used [0x00000000d5d80000,0x00000000d5d80000,0x00000000e9580000)
  from space 11264K, 57% used [0x00000000ea000000,0x00000000ea654f10,0x00000000eab00000)
  to   space 10752K, 0% used [0x00000000e9580000,0x00000000e9580000,0x00000000ea000000)
 ParOldGen       total 140800K, used 49482K [0x0000000081800000, 0x000000008a180000, 0x00000000d5d80000)
  object space 140800K, 35% used [0x0000000081800000,0x0000000084852a58,0x000000008a180000)
 Metaspace       used 40107K, capacity 44523K, committed 44588K, reserved 1087488K
  class space    used 4392K, capacity 5824K, committed 5888K, reserved 1048576K
}
Event: 10.487 GC heap before
{Heap before GC invocations=17 (full 3):
 PSYoungGen      total 330752K, used 6483K [0x00000000d5d80000, 0x00000000ed500000, 0x0000000100000000)
  eden space 319488K, 0% used [0x00000000d5d80000,0x00000000d5d80000,0x00000000e9580000)
  from space 11264K, 57% used [0x00000000ea000000,0x00000000ea654f10,0x00000000eab00000)
  to   space 10752K, 0% used [0x00000000e9580000,0x00000000e9580000,0x00000000ea000000)
 ParOldGen       total 140800K, used 49482K [0x0000000081800000, 0x000000008a180000, 0x00000000d5d80000)
  object space 140800K, 35% used [0x0000000081800000,0x0000000084852a58,0x000000008a180000)
 Metaspace       used 40107K, capacity 44523K, committed 44588K, reserved 1087488K
  class space    used 4392K, capacity 5824K, committed 5888K, reserved 1048576K
Event: 10.774 GC heap after
Heap after GC invocations=17 (full 3):
 PSYoungGen      total 330752K, used 0K [0x00000000d5d80000, 0x00000000ed500000, 0x0000000100000000)
  eden space 319488K, 0% used [0x00000000d5d80000,0x00000000d5d80000,0x00000000e9580000)
  from space 11264K, 0% used [0x00000000ea000000,0x00000000ea000000,0x00000000eab00000)
  to   space 10752K, 0% used [0x00000000e9580000,0x00000000e9580000,0x00000000ea000000)
 ParOldGen       total 157696K, used 53349K [0x0000000081800000, 0x000000008b200000, 0x00000000d5d80000)
  object space 157696K, 33% used [0x0000000081800000,0x0000000084c194b0,0x000000008b200000)
 Metaspace       used 40107K, capacity 44523K, committed 44588K, reserved 1087488K
  class space    used 4392K, capacity 5824K, committed 5888K, reserved 1048576K
}
Event: 13.149 GC heap before
{Heap before GC invocations=18 (full 3):
 PSYoungGen      total 330752K, used 319488K [0x00000000d5d80000, 0x00000000ed500000, 0x0000000100000000)
  eden space 319488K, 100% used [0x00000000d5d80000,0x00000000e9580000,0x00000000e9580000)
  from space 11264K, 0% used [0x00000000ea000000,0x00000000ea000000,0x00000000eab00000)
  to   space 10752K, 0% used [0x00000000e9580000,0x00000000e9580000,0x00000000ea000000)
 ParOldGen       total 157696K, used 53349K [0x0000000081800000, 0x000000008b200000, 0x00000000d5d80000)
  object space 157696K, 33% used [0x0000000081800000,0x0000000084c194b0,0x000000008b200000)
 Metaspace       used 47635K, capacity 53370K, committed 53376K, reserved 1095680K
  class space    used 5521K, capacity 7294K, committed 7296K, reserved 1048576K
Event: 13.164 GC heap after
Heap after GC invocations=18 (full 3):
 PSYoungGen      total 330240K, used 10334K [0x00000000d5d80000, 0x00000000f1f00000, 0x0000000100000000)
  eden space 319488K, 0% used [0x00000000d5d80000,0x00000000d5d80000,0x00000000e9580000)
  from space 10752K, 96% used [0x00000000e9580000,0x00000000e9f97840,0x00000000ea000000)
  to   space 11776K, 0% used [0x00000000f1380000,0x00000000f1380000,0x00000000f1f00000)
 ParOldGen       total 157696K, used 53357K [0x0000000081800000, 0x000000008b200000, 0x00000000d5d80000)
  object space 157696K, 33% used [0x0000000081800000,0x0000000084c1b4b0,0x000000008b200000)
 Metaspace       used 47635K, capacity 53370K, committed 53376K, reserved 1095680K
  class space    used 5521K, capacity 7294K, committed 7296K, reserved 1048576K
}

