# JRE version: OpenJDK Runtime Environment (8.0_242-b01) (build 1.8.0_242-release-1644-b01)
# Java VM: OpenJDK 64-Bit Server VM (25.242-b01 mixed mode windows-amd64 compressed oops)
Heap:
 PSYoungGen      total 387072K, used 46125K [0x00000000d5d80000, 0x00000000ef280000, 0x0000000100000000)
  eden space 379392K, 12% used [0x00000000d5d80000,0x00000000d8a8b498,0x00000000ed000000)
  from space 7680K, 0% used [0x00000000eeb00000,0x00000000eeb00000,0x00000000ef280000)
  to   space 11776K, 0% used [0x00000000edb80000,0x00000000edb80000,0x00000000ee700000)
 ParOldGen       total 129024K, used 59312K [0x0000000081800000, 0x0000000089600000, 0x00000000d5d80000)
  object space 129024K, 45% used [0x0000000081800000,0x00000000851ec200,0x0000000089600000)
 Metaspace       used 46279K, capacity 51828K, committed 51928K, reserved 1093632K
  class space    used 5401K, capacity 7131K, committed 7168K, reserved 1048576K
GC Heap History (10 events):
Event: 7.361 GC heap before
{Heap before GC invocations=11 (full 2):
 PSYoungGen      total 272384K, used 8854K [0x00000000d5d80000, 0x00000000ef680000, 0x0000000100000000)
  eden space 261120K, 0% used [0x00000000d5d80000,0x00000000d5d80000,0x00000000e5c80000)
  from space 11264K, 78% used [0x00000000e5c80000,0x00000000e65258f8,0x00000000e6780000)
  to   space 11776K, 0% used [0x00000000eeb00000,0x00000000eeb00000,0x00000000ef680000)
 ParOldGen       total 107520K, used 95208K [0x0000000081800000, 0x0000000088100000, 0x00000000d5d80000)
  object space 107520K, 88% used [0x0000000081800000,0x00000000874fa1e0,0x0000000088100000)
 Metaspace       used 26921K, capacity 29735K, committed 30080K, reserved 1075200K
  class space    used 3000K, capacity 3877K, committed 3968K, reserved 1048576K
Event: 7.425 GC heap after
Heap after GC invocations=11 (full 2):
 PSYoungGen      total 272384K, used 0K [0x00000000d5d80000, 0x00000000ef680000, 0x0000000100000000)
  eden space 261120K, 0% used [0x00000000d5d80000,0x00000000d5d80000,0x00000000e5c80000)
  from space 11264K, 0% used [0x00000000e5c80000,0x00000000e5c80000,0x00000000e6780000)
  to   space 11776K, 0% used [0x00000000eeb00000,0x00000000eeb00000,0x00000000ef680000)
 ParOldGen       total 129024K, used 46790K [0x0000000081800000, 0x0000000089600000, 0x00000000d5d80000)
  object space 129024K, 36% used [0x0000000081800000,0x00000000845b1bd0,0x0000000089600000)
 Metaspace       used 26921K, capacity 29735K, committed 30080K, reserved 1075200K
  class space    used 3000K, capacity 3877K, committed 3968K, reserved 1048576K
}
Event: 8.941 GC heap before
{Heap before GC invocations=12 (full 2):
 PSYoungGen      total 272384K, used 261120K [0x00000000d5d80000, 0x00000000ef680000, 0x0000000100000000)
  eden space 261120K, 100% used [0x00000000d5d80000,0x00000000e5c80000,0x00000000e5c80000)
  from space 11264K, 0% used [0x00000000e5c80000,0x00000000e5c80000,0x00000000e6780000)
  to   space 11776K, 0% used [0x00000000eeb00000,0x00000000eeb00000,0x00000000ef680000)
 ParOldGen       total 129024K, used 46790K [0x0000000081800000, 0x0000000089600000, 0x00000000d5d80000)
  object space 129024K, 36% used [0x0000000081800000,0x00000000845b1bd0,0x0000000089600000)
 Metaspace       used 32757K, capacity 35953K, committed 36096K, reserved 1081344K
  class space    used 3479K, capacity 4506K, committed 4608K, reserved 1048576K
Event: 8.953 GC heap after
Heap after GC invocations=12 (full 2):
 PSYoungGen      total 387072K, used 7656K [0x00000000d5d80000, 0x00000000ef280000, 0x0000000100000000)
  eden space 379392K, 0% used [0x00000000d5d80000,0x00000000d5d80000,0x00000000ed000000)
  from space 7680K, 99% used [0x00000000eeb00000,0x00000000ef27a3b8,0x00000000ef280000)
  to   space 11776K, 0% used [0x00000000edb80000,0x00000000edb80000,0x00000000ee700000)
 ParOldGen       total 129024K, used 46798K [0x0000000081800000, 0x0000000089600000, 0x00000000d5d80000)
  object space 129024K, 36% used [0x0000000081800000,0x00000000845b3bd0,0x0000000089600000)
 Metaspace       used 32757K, capacity 35953K, committed 36096K, reserved 1081344K
  class space    used 3479K, capacity 4506K, committed 4608K, reserved 1048576K
}
Event: 12.114 GC heap before
{Heap before GC invocations=13 (full 2):
 PSYoungGen      total 387072K, used 387048K [0x00000000d5d80000, 0x00000000ef280000, 0x0000000100000000)
  eden space 379392K, 100% used [0x00000000d5d80000,0x00000000ed000000,0x00000000ed000000)
  from space 7680K, 99% used [0x00000000eeb00000,0x00000000ef27a3b8,0x00000000ef280000)
  to   space 11776K, 0% used [0x00000000edb80000,0x00000000edb80000,0x00000000ee700000)
 ParOldGen       total 129024K, used 46798K [0x0000000081800000, 0x0000000089600000, 0x00000000d5d80000)
  object space 129024K, 36% used [0x0000000081800000,0x00000000845b3bd0,0x0000000089600000)
 Metaspace       used 42765K, capacity 47664K, committed 47744K, reserved 1091584K
  class space    used 4943K, capacity 6507K, committed 6528K, reserved 1048576K
Event: 12.139 GC heap after
Heap after GC invocations=13 (full 2):
 PSYoungGen      total 391168K, used 11775K [0x00000000d5d80000, 0x00000000ef280000, 0x0000000100000000)
  eden space 379392K, 0% used [0x00000000d5d80000,0x00000000d5d80000,0x00000000ed000000)
  from space 11776K, 99% used [0x00000000edb80000,0x00000000ee6fff98,0x00000000ee700000)
  to   space 7680K, 0% used [0x00000000eeb00000,0x00000000eeb00000,0x00000000ef280000)
 ParOldGen       total 129024K, used 53292K [0x0000000081800000, 0x0000000089600000, 0x00000000d5d80000)
  object space 129024K, 41% used [0x0000000081800000,0x0000000084c0b1b0,0x0000000089600000)
 Metaspace       used 42765K, capacity 47664K, committed 47744K, reserved 1091584K
  class space    used 4943K, capacity 6507K, committed 6528K, reserved 1048576K
}
Event: 12.943 GC heap before
{Heap before GC invocations=14 (full 2):
 PSYoungGen      total 391168K, used 109724K [0x00000000d5d80000, 0x00000000ef280000, 0x0000000100000000)
  eden space 379392K, 25% used [0x00000000d5d80000,0x00000000dbd27428,0x00000000ed000000)
  from space 11776K, 99% used [0x00000000edb80000,0x00000000ee6fff98,0x00000000ee700000)
  to   space 7680K, 0% used [0x00000000eeb00000,0x00000000eeb00000,0x00000000ef280000)
 ParOldGen       total 129024K, used 53292K [0x0000000081800000, 0x0000000089600000, 0x00000000d5d80000)
  object space 129024K, 41% used [0x0000000081800000,0x0000000084c0b1b0,0x0000000089600000)
 Metaspace       used 44838K, capacity 50024K, committed 50136K, reserved 1093632K
  class space    used 5224K, capacity 6863K, committed 6912K, reserved 1048576K
Event: 12.959 GC heap after
Heap after GC invocations=14 (full 2):
 PSYoungGen      total 387072K, used 2950K [0x00000000d5d80000, 0x00000000ef280000, 0x0000000100000000)
  eden space 379392K, 0% used [0x00000000d5d80000,0x00000000d5d80000,0x00000000ed000000)
  from space 7680K, 38% used [0x00000000eeb00000,0x00000000eede1970,0x00000000ef280000)
  to   space 11776K, 0% used [0x00000000edb80000,0x00000000edb80000,0x00000000ee700000)
 ParOldGen       total 129024K, used 62904K [0x0000000081800000, 0x0000000089600000, 0x00000000d5d80000)
  object space 129024K, 48% used [0x0000000081800000,0x000000008556e088,0x0000000089600000)
 Metaspace       used 44838K, capacity 50024K, committed 50136K, reserved 1093632K
  class space    used 5224K, capacity 6863K, committed 6912K, reserved 1048576K
}
Event: 12.959 GC heap before
{Heap before GC invocations=15 (full 3):
 PSYoungGen      total 387072K, used 2950K [0x00000000d5d80000, 0x00000000ef280000, 0x0000000100000000)
  eden space 379392K, 0% used [0x00000000d5d80000,0x00000000d5d80000,0x00000000ed000000)
  from space 7680K, 38% used [0x00000000eeb00000,0x00000000eede1970,0x00000000ef280000)
  to   space 11776K, 0% used [0x00000000edb80000,0x00000000edb80000,0x00000000ee700000)
 ParOldGen       total 129024K, used 62904K [0x0000000081800000, 0x0000000089600000, 0x00000000d5d80000)
  object space 129024K, 48% used [0x0000000081800000,0x000000008556e088,0x0000000089600000)
 Metaspace       used 44838K, capacity 50024K, committed 50136K, reserved 1093632K
  class space    used 5224K, capacity 6863K, committed 6912K, reserved 1048576K
Event: 13.286 GC heap after
Heap after GC invocations=15 (full 3):
 PSYoungGen      total 387072K, used 0K [0x00000000d5d80000, 0x00000000ef280000, 0x0000000100000000)
  eden space 379392K, 0% used [0x00000000d5d80000,0x00000000d5d80000,0x00000000ed000000)
  from space 7680K, 0% used [0x00000000eeb00000,0x00000000eeb00000,0x00000000ef280000)
  to   space 11776K, 0% used [0x00000000edb80000,0x00000000edb80000,0x00000000ee700000)
 ParOldGen       total 129024K, used 59312K [0x0000000081800000, 0x0000000089600000, 0x00000000d5d80000)
  object space 129024K, 45% used [0x0000000081800000,0x00000000851ec200,0x0000000089600000)
 Metaspace       used 44838K, capacity 50024K, committed 50136K, reserved 1093632K
  class space    used 5224K, capacity 6863K, committed 6912K, reserved 1048576K
}

