# JRE version: OpenJDK Runtime Environment (8.0_242-b01) (build 1.8.0_242-release-1644-b01)
# Java VM: OpenJDK 64-Bit Server VM (25.242-b01 mixed mode windows-amd64 compressed oops)
Heap:
 PSYoungGen      total 274944K, used 166249K [0x00000000d5d80000, 0x00000000e7680000, 0x0000000100000000)
  eden space 262144K, 60% used [0x00000000d5d80000,0x00000000df8bd1a8,0x00000000e5d80000)
  from space 12800K, 56% used [0x00000000e5d80000,0x00000000e649d410,0x00000000e6a00000)
  to   space 12288K, 0% used [0x00000000e6a80000,0x00000000e6a80000,0x00000000e7680000)
 ParOldGen       total 80896K, used 46948K [0x0000000081800000, 0x0000000086700000, 0x00000000d5d80000)
  object space 80896K, 58% used [0x0000000081800000,0x00000000845d9200,0x0000000086700000)
 Metaspace       used 36577K, capacity 40175K, committed 40448K, reserved 1085440K
  class space    used 3900K, capacity 5035K, committed 5120K, reserved 1048576K
GC Heap History (10 events):
Event: 6.659 GC heap before
{Heap before GC invocations=8 (full 0):
 PSYoungGen      total 144384K, used 10697K [0x00000000d5d80000, 0x00000000e7780000, 0x0000000100000000)
  eden space 131072K, 1% used [0x00000000d5d80000,0x00000000d5fdc7f8,0x00000000ddd80000)
  from space 13312K, 62% used [0x00000000ddd80000,0x00000000de595cf0,0x00000000dea80000)
  to   space 13312K, 0% used [0x00000000e6a80000,0x00000000e6a80000,0x00000000e7780000)
 ParOldGen       total 87552K, used 9270K [0x0000000081800000, 0x0000000086d80000, 0x00000000d5d80000)
  object space 87552K, 10% used [0x0000000081800000,0x000000008210dbc0,0x0000000086d80000)
 Metaspace       used 20183K, capacity 21205K, committed 21296K, reserved 1069056K
  class space    used 2146K, capacity 2497K, committed 2560K, reserved 1048576K
Event: 6.673 GC heap after
Heap after GC invocations=8 (full 0):
 PSYoungGen      total 274432K, used 5664K [0x00000000d5d80000, 0x00000000e7680000, 0x0000000100000000)
  eden space 262144K, 0% used [0x00000000d5d80000,0x00000000d5d80000,0x00000000e5d80000)
  from space 12288K, 46% used [0x00000000e6a80000,0x00000000e7008000,0x00000000e7680000)
  to   space 12800K, 0% used [0x00000000e5d80000,0x00000000e5d80000,0x00000000e6a00000)
 ParOldGen       total 87552K, used 10534K [0x0000000081800000, 0x0000000086d80000, 0x00000000d5d80000)
  object space 87552K, 12% used [0x0000000081800000,0x0000000082249bc0,0x0000000086d80000)
 Metaspace       used 20183K, capacity 21205K, committed 21296K, reserved 1069056K
  class space    used 2146K, capacity 2497K, committed 2560K, reserved 1048576K
}
Event: 6.673 GC heap before
{Heap before GC invocations=9 (full 1):
 PSYoungGen      total 274432K, used 5664K [0x00000000d5d80000, 0x00000000e7680000, 0x0000000100000000)
  eden space 262144K, 0% used [0x00000000d5d80000,0x00000000d5d80000,0x00000000e5d80000)
  from space 12288K, 46% used [0x00000000e6a80000,0x00000000e7008000,0x00000000e7680000)
  to   space 12800K, 0% used [0x00000000e5d80000,0x00000000e5d80000,0x00000000e6a00000)
 ParOldGen       total 87552K, used 10534K [0x0000000081800000, 0x0000000086d80000, 0x00000000d5d80000)
  object space 87552K, 12% used [0x0000000081800000,0x0000000082249bc0,0x0000000086d80000)
 Metaspace       used 20183K, capacity 21205K, committed 21296K, reserved 1069056K
  class space    used 2146K, capacity 2497K, committed 2560K, reserved 1048576K
Event: 6.752 GC heap after
Heap after GC invocations=9 (full 1):
 PSYoungGen      total 274432K, used 0K [0x00000000d5d80000, 0x00000000e7680000, 0x0000000100000000)
  eden space 262144K, 0% used [0x00000000d5d80000,0x00000000d5d80000,0x00000000e5d80000)
  from space 12288K, 0% used [0x00000000e6a80000,0x00000000e6a80000,0x00000000e7680000)
  to   space 12800K, 0% used [0x00000000e5d80000,0x00000000e5d80000,0x00000000e6a00000)
 ParOldGen       total 52224K, used 9615K [0x0000000081800000, 0x0000000084b00000, 0x00000000d5d80000)
  object space 52224K, 18% used [0x0000000081800000,0x0000000082163e88,0x0000000084b00000)
 Metaspace       used 20183K, capacity 21205K, committed 21296K, reserved 1069056K
  class space    used 2146K, capacity 2497K, committed 2560K, reserved 1048576K
}
Event: 11.050 GC heap before
{Heap before GC invocations=10 (full 1):
 PSYoungGen      total 274432K, used 262144K [0x00000000d5d80000, 0x00000000e7680000, 0x0000000100000000)
  eden space 262144K, 100% used [0x00000000d5d80000,0x00000000e5d80000,0x00000000e5d80000)
  from space 12288K, 0% used [0x00000000e6a80000,0x00000000e6a80000,0x00000000e7680000)
  to   space 12800K, 0% used [0x00000000e5d80000,0x00000000e5d80000,0x00000000e6a00000)
 ParOldGen       total 52224K, used 9615K [0x0000000081800000, 0x0000000084b00000, 0x00000000d5d80000)
  object space 52224K, 18% used [0x0000000081800000,0x0000000082163e88,0x0000000084b00000)
 Metaspace       used 26932K, capacity 29739K, committed 30080K, reserved 1075200K
  class space    used 2987K, capacity 3877K, committed 3968K, reserved 1048576K
Event: 11.166 GC heap after
Heap after GC invocations=10 (full 1):
 PSYoungGen      total 274432K, used 262144K [0x00000000d5d80000, 0x00000000e7680000, 0x0000000100000000)
  eden space 262144K, 100% used [0x00000000d5d80000,0x00000000e5d80000,0x00000000e5d80000)
  from space 12288K, 0% used [0x00000000e6a80000,0x00000000e6a80000,0x00000000e7680000)
  to   space 12800K, 70% used [0x00000000e5d80000,0x00000000e6648978,0x00000000e6a00000)
 ParOldGen       total 80896K, used 66616K [0x0000000081800000, 0x0000000086700000, 0x00000000d5d80000)
  object space 80896K, 82% used [0x0000000081800000,0x000000008590e108,0x0000000086700000)
 Metaspace       used 26932K, capacity 29739K, committed 30080K, reserved 1075200K
  class space    used 2987K, capacity 3877K, committed 3968K, reserved 1048576K
}
Event: 11.166 GC heap before
{Heap before GC invocations=11 (full 2):
 PSYoungGen      total 274432K, used 262144K [0x00000000d5d80000, 0x00000000e7680000, 0x0000000100000000)
  eden space 262144K, 100% used [0x00000000d5d80000,0x00000000e5d80000,0x00000000e5d80000)
  from space 12288K, 0% used [0x00000000e6a80000,0x00000000e6a80000,0x00000000e7680000)
  to   space 12800K, 70% used [0x00000000e5d80000,0x00000000e6648978,0x00000000e6a00000)
 ParOldGen       total 80896K, used 66616K [0x0000000081800000, 0x0000000086700000, 0x00000000d5d80000)
  object space 80896K, 82% used [0x0000000081800000,0x000000008590e108,0x0000000086700000)
 Metaspace       used 26932K, capacity 29739K, committed 30080K, reserved 1075200K
  class space    used 2987K, capacity 3877K, committed 3968K, reserved 1048576K
Event: 11.249 GC heap after
Heap after GC invocations=11 (full 2):
 PSYoungGen      total 274432K, used 0K [0x00000000d5d80000, 0x00000000e7680000, 0x0000000100000000)
  eden space 262144K, 0% used [0x00000000d5d80000,0x00000000d5d80000,0x00000000e5d80000)
  from space 12288K, 0% used [0x00000000e6a80000,0x00000000e6a80000,0x00000000e7680000)
  to   space 12800K, 0% used [0x00000000e5d80000,0x00000000e5d80000,0x00000000e6a00000)
 ParOldGen       total 80896K, used 46940K [0x0000000081800000, 0x0000000086700000, 0x00000000d5d80000)
  object space 80896K, 58% used [0x0000000081800000,0x00000000845d7200,0x0000000086700000)
 Metaspace       used 26932K, capacity 29739K, committed 30080K, reserved 1075200K
  class space    used 2987K, capacity 3877K, committed 3968K, reserved 1048576K
}
Event: 15.214 GC heap before
{Heap before GC invocations=12 (full 2):
 PSYoungGen      total 274432K, used 262144K [0x00000000d5d80000, 0x00000000e7680000, 0x0000000100000000)
  eden space 262144K, 100% used [0x00000000d5d80000,0x00000000e5d80000,0x00000000e5d80000)
  from space 12288K, 0% used [0x00000000e6a80000,0x00000000e6a80000,0x00000000e7680000)
  to   space 12800K, 0% used [0x00000000e5d80000,0x00000000e5d80000,0x00000000e6a00000)
 ParOldGen       total 80896K, used 46940K [0x0000000081800000, 0x0000000086700000, 0x00000000d5d80000)
  object space 80896K, 58% used [0x0000000081800000,0x00000000845d7200,0x0000000086700000)
 Metaspace       used 32833K, capacity 35993K, committed 36224K, reserved 1081344K
  class space    used 3470K, capacity 4474K, committed 4480K, reserved 1048576K
Event: 15.222 GC heap after
Heap after GC invocations=12 (full 2):
 PSYoungGen      total 274944K, used 7285K [0x00000000d5d80000, 0x00000000e7680000, 0x0000000100000000)
  eden space 262144K, 0% used [0x00000000d5d80000,0x00000000d5d80000,0x00000000e5d80000)
  from space 12800K, 56% used [0x00000000e5d80000,0x00000000e649d410,0x00000000e6a00000)
  to   space 12288K, 0% used [0x00000000e6a80000,0x00000000e6a80000,0x00000000e7680000)
 ParOldGen       total 80896K, used 46948K [0x0000000081800000, 0x0000000086700000, 0x00000000d5d80000)
  object space 80896K, 58% used [0x0000000081800000,0x00000000845d9200,0x0000000086700000)
 Metaspace       used 32833K, capacity 35993K, committed 36224K, reserved 1081344K
  class space    used 3470K, capacity 4474K, committed 4480K, reserved 1048576K
}

