# JRE version: OpenJDK Runtime Environment (8.0_242-b01) (build 1.8.0_242-release-1644-b01)
# Java VM: OpenJDK 64-Bit Server VM (25.242-b01 mixed mode windows-amd64 compressed oops)
Heap:
 PSYoungGen      total 142848K, used 11565K [0x00000000d5d80000, 0x00000000df480000, 0x0000000100000000)
  eden space 132096K, 8% used [0x00000000d5d80000,0x00000000d68cb400,0x00000000dde80000)
  from space 10752K, 0% used [0x00000000dea00000,0x00000000dea00000,0x00000000df480000)
  to   space 11264K, 0% used [0x00000000dde80000,0x00000000dde80000,0x00000000de980000)
 ParOldGen       total 88576K, used 44249K [0x0000000081800000, 0x0000000086e80000, 0x00000000d5d80000)
  object space 88576K, 49% used [0x0000000081800000,0x0000000084336508,0x0000000086e80000)
 Metaspace       used 24267K, capacity 26953K, committed 27008K, reserved 1073152K
  class space    used 2828K, capacity 3670K, committed 3712K, reserved 1048576K
GC Heap History (10 events):
Event: 11.533 GC heap before
{Heap before GC invocations=8 (full 0):
 PSYoungGen      total 76288K, used 75793K [0x00000000d5d80000, 0x00000000df580000, 0x0000000100000000)
  eden space 66048K, 100% used [0x00000000d5d80000,0x00000000d9e00000,0x00000000d9e00000)
  from space 10240K, 95% used [0x00000000d9e00000,0x00000000da7846e0,0x00000000da800000)
  to   space 11776K, 0% used [0x00000000dea00000,0x00000000dea00000,0x00000000df580000)
 ParOldGen       total 87552K, used 7370K [0x0000000081800000, 0x0000000086d80000, 0x00000000d5d80000)
  object space 87552K, 8% used [0x0000000081800000,0x0000000081f32908,0x0000000086d80000)
 Metaspace       used 18330K, capacity 19131K, committed 19456K, reserved 1067008K
  class space    used 1943K, capacity 2192K, committed 2304K, reserved 1048576K
Event: 11.553 GC heap after
Heap after GC invocations=8 (full 0):
 PSYoungGen      total 142848K, used 5556K [0x00000000d5d80000, 0x00000000df480000, 0x0000000100000000)
  eden space 132096K, 0% used [0x00000000d5d80000,0x00000000d5d80000,0x00000000dde80000)
  from space 10752K, 51% used [0x00000000dea00000,0x00000000def6d1d0,0x00000000df480000)
  to   space 11264K, 0% used [0x00000000dde80000,0x00000000dde80000,0x00000000de980000)
 ParOldGen       total 87552K, used 9347K [0x0000000081800000, 0x0000000086d80000, 0x00000000d5d80000)
  object space 87552K, 10% used [0x0000000081800000,0x0000000082120ea0,0x0000000086d80000)
 Metaspace       used 18330K, capacity 19131K, committed 19456K, reserved 1067008K
  class space    used 1943K, capacity 2192K, committed 2304K, reserved 1048576K
}
Event: 13.067 GC heap before
{Heap before GC invocations=9 (full 0):
 PSYoungGen      total 142848K, used 73180K [0x00000000d5d80000, 0x00000000df480000, 0x0000000100000000)
  eden space 132096K, 51% used [0x00000000d5d80000,0x00000000d9f89f98,0x00000000dde80000)
  from space 10752K, 51% used [0x00000000dea00000,0x00000000def6d1d0,0x00000000df480000)
  to   space 11264K, 0% used [0x00000000dde80000,0x00000000dde80000,0x00000000de980000)
 ParOldGen       total 87552K, used 9347K [0x0000000081800000, 0x0000000086d80000, 0x00000000d5d80000)
  object space 87552K, 10% used [0x0000000081800000,0x0000000082120ea0,0x0000000086d80000)
 Metaspace       used 20121K, capacity 21105K, committed 21248K, reserved 1069056K
  class space    used 2146K, capacity 2465K, committed 2560K, reserved 1048576K
Event: 13.080 GC heap after
Heap after GC invocations=9 (full 0):
 PSYoungGen      total 143360K, used 3621K [0x00000000d5d80000, 0x00000000df480000, 0x0000000100000000)
  eden space 132096K, 0% used [0x00000000d5d80000,0x00000000d5d80000,0x00000000dde80000)
  from space 11264K, 32% used [0x00000000dde80000,0x00000000de2094e8,0x00000000de980000)
  to   space 10752K, 0% used [0x00000000dea00000,0x00000000dea00000,0x00000000df480000)
 ParOldGen       total 87552K, used 11972K [0x0000000081800000, 0x0000000086d80000, 0x00000000d5d80000)
  object space 87552K, 13% used [0x0000000081800000,0x00000000823b1228,0x0000000086d80000)
 Metaspace       used 20121K, capacity 21105K, committed 21248K, reserved 1069056K
  class space    used 2146K, capacity 2465K, committed 2560K, reserved 1048576K
}
Event: 13.080 GC heap before
{Heap before GC invocations=10 (full 1):
 PSYoungGen      total 143360K, used 3621K [0x00000000d5d80000, 0x00000000df480000, 0x0000000100000000)
  eden space 132096K, 0% used [0x00000000d5d80000,0x00000000d5d80000,0x00000000dde80000)
  from space 11264K, 32% used [0x00000000dde80000,0x00000000de2094e8,0x00000000de980000)
  to   space 10752K, 0% used [0x00000000dea00000,0x00000000dea00000,0x00000000df480000)
 ParOldGen       total 87552K, used 11972K [0x0000000081800000, 0x0000000086d80000, 0x00000000d5d80000)
  object space 87552K, 13% used [0x0000000081800000,0x00000000823b1228,0x0000000086d80000)
 Metaspace       used 20121K, capacity 21105K, committed 21248K, reserved 1069056K
  class space    used 2146K, capacity 2465K, committed 2560K, reserved 1048576K
Event: 13.219 GC heap after
Heap after GC invocations=10 (full 1):
 PSYoungGen      total 143360K, used 0K [0x00000000d5d80000, 0x00000000df480000, 0x0000000100000000)
  eden space 132096K, 0% used [0x00000000d5d80000,0x00000000d5d80000,0x00000000dde80000)
  from space 11264K, 0% used [0x00000000dde80000,0x00000000dde80000,0x00000000de980000)
  to   space 10752K, 0% used [0x00000000dea00000,0x00000000dea00000,0x00000000df480000)
 ParOldGen       total 59904K, used 10130K [0x0000000081800000, 0x0000000085280000, 0x00000000d5d80000)
  object space 59904K, 16% used [0x0000000081800000,0x00000000821e4ab0,0x0000000085280000)
 Metaspace       used 20121K, capacity 21105K, committed 21248K, reserved 1069056K
  class space    used 2146K, capacity 2465K, committed 2560K, reserved 1048576K
}
Event: 16.066 GC heap before
{Heap before GC invocations=11 (full 1):
 PSYoungGen      total 143360K, used 132096K [0x00000000d5d80000, 0x00000000df480000, 0x0000000100000000)
  eden space 132096K, 100% used [0x00000000d5d80000,0x00000000dde80000,0x00000000dde80000)
  from space 11264K, 0% used [0x00000000dde80000,0x00000000dde80000,0x00000000de980000)
  to   space 10752K, 0% used [0x00000000dea00000,0x00000000dea00000,0x00000000df480000)
 ParOldGen       total 59904K, used 10130K [0x0000000081800000, 0x0000000085280000, 0x00000000d5d80000)
  object space 59904K, 16% used [0x0000000081800000,0x00000000821e4ab0,0x0000000085280000)
 Metaspace       used 23973K, capacity 26637K, committed 26752K, reserved 1073152K
  class space    used 2786K, capacity 3624K, committed 3712K, reserved 1048576K
Event: 16.154 GC heap after
Heap after GC invocations=11 (full 1):
 PSYoungGen      total 142848K, used 5761K [0x00000000d5d80000, 0x00000000df480000, 0x0000000100000000)
  eden space 132096K, 0% used [0x00000000d5d80000,0x00000000d5d80000,0x00000000dde80000)
  from space 10752K, 53% used [0x00000000dea00000,0x00000000defa0658,0x00000000df480000)
  to   space 11264K, 0% used [0x00000000dde80000,0x00000000dde80000,0x00000000de980000)
 ParOldGen       total 88576K, used 67131K [0x0000000081800000, 0x0000000086e80000, 0x00000000d5d80000)
  object space 88576K, 75% used [0x0000000081800000,0x000000008598ed30,0x0000000086e80000)
 Metaspace       used 23973K, capacity 26637K, committed 26752K, reserved 1073152K
  class space    used 2786K, capacity 3624K, committed 3712K, reserved 1048576K
}
Event: 16.154 GC heap before
{Heap before GC invocations=12 (full 2):
 PSYoungGen      total 142848K, used 5761K [0x00000000d5d80000, 0x00000000df480000, 0x0000000100000000)
  eden space 132096K, 0% used [0x00000000d5d80000,0x00000000d5d80000,0x00000000dde80000)
  from space 10752K, 53% used [0x00000000dea00000,0x00000000defa0658,0x00000000df480000)
  to   space 11264K, 0% used [0x00000000dde80000,0x00000000dde80000,0x00000000de980000)
 ParOldGen       total 88576K, used 67131K [0x0000000081800000, 0x0000000086e80000, 0x00000000d5d80000)
  object space 88576K, 75% used [0x0000000081800000,0x000000008598ed30,0x0000000086e80000)
 Metaspace       used 23973K, capacity 26637K, committed 26752K, reserved 1073152K
  class space    used 2786K, capacity 3624K, committed 3712K, reserved 1048576K
Event: 16.235 GC heap after
Heap after GC invocations=12 (full 2):
 PSYoungGen      total 142848K, used 0K [0x00000000d5d80000, 0x00000000df480000, 0x0000000100000000)
  eden space 132096K, 0% used [0x00000000d5d80000,0x00000000d5d80000,0x00000000dde80000)
  from space 10752K, 0% used [0x00000000dea00000,0x00000000dea00000,0x00000000df480000)
  to   space 11264K, 0% used [0x00000000dde80000,0x00000000dde80000,0x00000000de980000)
 ParOldGen       total 88576K, used 44249K [0x0000000081800000, 0x0000000086e80000, 0x00000000d5d80000)
  object space 88576K, 49% used [0x0000000081800000,0x0000000084336508,0x0000000086e80000)
 Metaspace       used 23973K, capacity 26637K, committed 26752K, reserved 1073152K
  class space    used 2786K, capacity 3624K, committed 3712K, reserved 1048576K
}

