# JRE version: OpenJDK Runtime Environment (8.0_242-b01) (build 1.8.0_242-release-1644-b01)
# Java VM: OpenJDK 64-Bit Server VM (25.242-b01 mixed mode windows-amd64 compressed oops)
Heap:
 PSYoungGen      total 328192K, used 236198K [0x00000000d5d80000, 0x00000000f3880000, 0x0000000100000000)
  eden space 314880K, 71% used [0x00000000d5d80000,0x00000000e3a1e0e8,0x00000000e9100000)
  from space 13312K, 77% used [0x00000000e9100000,0x00000000e9b0b948,0x00000000e9e00000)
  to   space 14336K, 0% used [0x00000000f2a80000,0x00000000f2a80000,0x00000000f3880000)
 ParOldGen       total 151040K, used 53262K [0x0000000081800000, 0x000000008ab80000, 0x00000000d5d80000)
  object space 151040K, 35% used [0x0000000081800000,0x0000000084c03958,0x000000008ab80000)
 Metaspace       used 52482K, capacity 58630K, committed 58968K, reserved 1099776K
  class space    used 6007K, capacity 7952K, committed 8064K, reserved 1048576K
GC Heap History (10 events):
Event: 8.111 GC heap before
{Heap before GC invocations=14 (full 2):
 PSYoungGen      total 219648K, used 212212K [0x00000000d5d80000, 0x00000000e6a80000, 0x0000000100000000)
  eden space 207872K, 100% used [0x00000000d5d80000,0x00000000e2880000,0x00000000e2880000)
  from space 11776K, 36% used [0x00000000e2880000,0x00000000e2cbd218,0x00000000e3400000)
  to   space 11776K, 0% used [0x00000000e5f00000,0x00000000e5f00000,0x00000000e6a80000)
 ParOldGen       total 140288K, used 44768K [0x0000000081800000, 0x000000008a100000, 0x00000000d5d80000)
  object space 140288K, 31% used [0x0000000081800000,0x00000000843b8358,0x000000008a100000)
 Metaspace       used 33001K, capacity 36129K, committed 36352K, reserved 1081344K
  class space    used 3500K, capacity 4506K, committed 4608K, reserved 1048576K
Event: 8.124 GC heap after
Heap after GC invocations=14 (full 2):
 PSYoungGen      total 264192K, used 5997K [0x00000000d5d80000, 0x00000000e7700000, 0x0000000100000000)
  eden space 252416K, 0% used [0x00000000d5d80000,0x00000000d5d80000,0x00000000e5400000)
  from space 11776K, 50% used [0x00000000e5f00000,0x00000000e64db7d0,0x00000000e6a80000)
  to   space 11264K, 0% used [0x00000000e5400000,0x00000000e5400000,0x00000000e5f00000)
 ParOldGen       total 140288K, used 46669K [0x0000000081800000, 0x000000008a100000, 0x00000000d5d80000)
  object space 140288K, 33% used [0x0000000081800000,0x0000000084593778,0x000000008a100000)
 Metaspace       used 33001K, capacity 36129K, committed 36352K, reserved 1081344K
  class space    used 3500K, capacity 4506K, committed 4608K, reserved 1048576K
}
Event: 10.002 GC heap before
{Heap before GC invocations=15 (full 2):
 PSYoungGen      total 264192K, used 258413K [0x00000000d5d80000, 0x00000000e7700000, 0x0000000100000000)
  eden space 252416K, 100% used [0x00000000d5d80000,0x00000000e5400000,0x00000000e5400000)
  from space 11776K, 50% used [0x00000000e5f00000,0x00000000e64db7d0,0x00000000e6a80000)
  to   space 11264K, 0% used [0x00000000e5400000,0x00000000e5400000,0x00000000e5f00000)
 ParOldGen       total 140288K, used 46669K [0x0000000081800000, 0x000000008a100000, 0x00000000d5d80000)
  object space 140288K, 33% used [0x0000000081800000,0x0000000084593778,0x000000008a100000)
 Metaspace       used 39956K, capacity 44317K, committed 44376K, reserved 1087488K
  class space    used 4372K, capacity 5757K, committed 5760K, reserved 1048576K
Event: 10.018 GC heap after
Heap after GC invocations=15 (full 2):
 PSYoungGen      total 263680K, used 11238K [0x00000000d5d80000, 0x00000000eaa80000, 0x0000000100000000)
  eden space 252416K, 0% used [0x00000000d5d80000,0x00000000d5d80000,0x00000000e5400000)
  from space 11264K, 99% used [0x00000000e5400000,0x00000000e5ef99e8,0x00000000e5f00000)
  to   space 12800K, 0% used [0x00000000e9e00000,0x00000000e9e00000,0x00000000eaa80000)
 ParOldGen       total 140288K, used 48192K [0x0000000081800000, 0x000000008a100000, 0x00000000d5d80000)
  object space 140288K, 34% used [0x0000000081800000,0x00000000847101b8,0x000000008a100000)
 Metaspace       used 39956K, capacity 44317K, committed 44376K, reserved 1087488K
  class space    used 4372K, capacity 5757K, committed 5760K, reserved 1048576K
}
Event: 10.026 GC heap before
{Heap before GC invocations=16 (full 2):
 PSYoungGen      total 263680K, used 17871K [0x00000000d5d80000, 0x00000000eaa80000, 0x0000000100000000)
  eden space 252416K, 2% used [0x00000000d5d80000,0x00000000d63fa460,0x00000000e5400000)
  from space 11264K, 99% used [0x00000000e5400000,0x00000000e5ef99e8,0x00000000e5f00000)
  to   space 12800K, 0% used [0x00000000e9e00000,0x00000000e9e00000,0x00000000eaa80000)
 ParOldGen       total 140288K, used 48192K [0x0000000081800000, 0x000000008a100000, 0x00000000d5d80000)
  object space 140288K, 34% used [0x0000000081800000,0x00000000847101b8,0x000000008a100000)
 Metaspace       used 39985K, capacity 44317K, committed 44376K, reserved 1087488K
  class space    used 4372K, capacity 5757K, committed 5760K, reserved 1048576K
Event: 10.039 GC heap after
Heap after GC invocations=16 (full 2):
 PSYoungGen      total 327680K, used 184K [0x00000000d5d80000, 0x00000000ee900000, 0x0000000100000000)
  eden space 314880K, 0% used [0x00000000d5d80000,0x00000000d5d80000,0x00000000e9100000)
  from space 12800K, 1% used [0x00000000e9e00000,0x00000000e9e2e0c0,0x00000000eaa80000)
  to   space 13312K, 0% used [0x00000000e9100000,0x00000000e9100000,0x00000000e9e00000)
 ParOldGen       total 140288K, used 57521K [0x0000000081800000, 0x000000008a100000, 0x00000000d5d80000)
  object space 140288K, 41% used [0x0000000081800000,0x000000008502c6c0,0x000000008a100000)
 Metaspace       used 39985K, capacity 44317K, committed 44376K, reserved 1087488K
  class space    used 4372K, capacity 5757K, committed 5760K, reserved 1048576K
}
Event: 10.039 GC heap before
{Heap before GC invocations=17 (full 3):
 PSYoungGen      total 327680K, used 184K [0x00000000d5d80000, 0x00000000ee900000, 0x0000000100000000)
  eden space 314880K, 0% used [0x00000000d5d80000,0x00000000d5d80000,0x00000000e9100000)
  from space 12800K, 1% used [0x00000000e9e00000,0x00000000e9e2e0c0,0x00000000eaa80000)
  to   space 13312K, 0% used [0x00000000e9100000,0x00000000e9100000,0x00000000e9e00000)
 ParOldGen       total 140288K, used 57521K [0x0000000081800000, 0x000000008a100000, 0x00000000d5d80000)
  object space 140288K, 41% used [0x0000000081800000,0x000000008502c6c0,0x000000008a100000)
 Metaspace       used 39985K, capacity 44317K, committed 44376K, reserved 1087488K
  class space    used 4372K, capacity 5757K, committed 5760K, reserved 1048576K
Event: 10.279 GC heap after
Heap after GC invocations=17 (full 3):
 PSYoungGen      total 327680K, used 0K [0x00000000d5d80000, 0x00000000ee900000, 0x0000000100000000)
  eden space 314880K, 0% used [0x00000000d5d80000,0x00000000d5d80000,0x00000000e9100000)
  from space 12800K, 0% used [0x00000000e9e00000,0x00000000e9e00000,0x00000000eaa80000)
  to   space 13312K, 0% used [0x00000000e9100000,0x00000000e9100000,0x00000000e9e00000)
 ParOldGen       total 151040K, used 53254K [0x0000000081800000, 0x000000008ab80000, 0x00000000d5d80000)
  object space 151040K, 35% used [0x0000000081800000,0x0000000084c01958,0x000000008ab80000)
 Metaspace       used 39985K, capacity 44317K, committed 44376K, reserved 1087488K
  class space    used 4372K, capacity 5757K, committed 5760K, reserved 1048576K
}
Event: 12.207 GC heap before
{Heap before GC invocations=18 (full 3):
 PSYoungGen      total 327680K, used 314880K [0x00000000d5d80000, 0x00000000ee900000, 0x0000000100000000)
  eden space 314880K, 100% used [0x00000000d5d80000,0x00000000e9100000,0x00000000e9100000)
  from space 12800K, 0% used [0x00000000e9e00000,0x00000000e9e00000,0x00000000eaa80000)
  to   space 13312K, 0% used [0x00000000e9100000,0x00000000e9100000,0x00000000e9e00000)
 ParOldGen       total 151040K, used 53254K [0x0000000081800000, 0x000000008ab80000, 0x00000000d5d80000)
  object space 151040K, 35% used [0x0000000081800000,0x0000000084c01958,0x000000008ab80000)
 Metaspace       used 47529K, capacity 53136K, committed 53336K, reserved 1095680K
  class space    used 5506K, capacity 7269K, committed 7296K, reserved 1048576K
Event: 12.222 GC heap after
Heap after GC invocations=18 (full 3):
 PSYoungGen      total 328192K, used 10286K [0x00000000d5d80000, 0x00000000f3880000, 0x0000000100000000)
  eden space 314880K, 0% used [0x00000000d5d80000,0x00000000d5d80000,0x00000000e9100000)
  from space 13312K, 77% used [0x00000000e9100000,0x00000000e9b0b948,0x00000000e9e00000)
  to   space 14336K, 0% used [0x00000000f2a80000,0x00000000f2a80000,0x00000000f3880000)
 ParOldGen       total 151040K, used 53262K [0x0000000081800000, 0x000000008ab80000, 0x00000000d5d80000)
  object space 151040K, 35% used [0x0000000081800000,0x0000000084c03958,0x000000008ab80000)
 Metaspace       used 47529K, capacity 53136K, committed 53336K, reserved 1095680K
  class space    used 5506K, capacity 7269K, committed 7296K, reserved 1048576K
}

